[2017-11-02 07:07:28] Espo.ERROR: API [GET]:.*, Params:Array ( ) , InputData:  -  [] []
[2017-11-02 07:07:28] Espo.ERROR: Display Error: , Code: 404 URL: /?entryPoint=avatar&size=small&id=5774fc18803ee6489&t=1509606411624 [] []
[2017-11-02 07:07:28] Espo.ERROR: Uncaught Exception Slim\Exception\Stop: "" at /var/www/html/marketing/vendor/slim/slim/Slim/Slim.php line 1022 {"exception":"[object] (Slim\\Exception\\Stop(code: 0):  at /var/www/html/marketing/vendor/slim/slim/Slim/Slim.php:1022)"} []
[2017-11-02 07:18:01] Espo.ERROR: API [GET]:.*, Params:Array ( ) , InputData:  -  [] []
[2017-11-02 07:18:01] Espo.ERROR: Display Error: , Code: 404 URL: /?entryPoint=avatar&size=small&id=5774fc18803ee6489&t=1509606411624 [] []
[2017-11-02 07:18:01] Espo.ERROR: Uncaught Exception Slim\Exception\Stop: "" at /var/www/html/marketing/vendor/slim/slim/Slim/Slim.php line 1022 {"exception":"[object] (Slim\\Exception\\Stop(code: 0):  at /var/www/html/marketing/vendor/slim/slim/Slim/Slim.php:1022)"} []
[2017-11-02 07:18:58] Espo.ERROR: API [GET]:.*, Params:Array ( ) , InputData:  -  [] []
[2017-11-02 07:18:58] Espo.ERROR: Display Error: , Code: 404 URL: /?entryPoint=avatar&size=small&id=5774fc18803ee6489&t=1509606411624 [] []
[2017-11-02 07:18:58] Espo.ERROR: Uncaught Exception Slim\Exception\Stop: "" at /var/www/html/marketing/vendor/slim/slim/Slim/Slim.php line 1022 {"exception":"[object] (Slim\\Exception\\Stop(code: 0):  at /var/www/html/marketing/vendor/slim/slim/Slim/Slim.php:1022)"} []
[2017-11-02 07:21:39] Espo.ERROR: API [GET]:.*, Params:Array ( ) , InputData:  -  [] []
[2017-11-02 07:21:39] Espo.ERROR: Display Error: , Code: 404 URL: /?entryPoint=avatar&size=small&id=5774fc18803ee6489&t=1509606411624 [] []
[2017-11-02 07:21:39] Espo.ERROR: Uncaught Exception Slim\Exception\Stop: "" at /var/www/html/marketing/vendor/slim/slim/Slim/Slim.php line 1022 {"exception":"[object] (Slim\\Exception\\Stop(code: 0):  at /var/www/html/marketing/vendor/slim/slim/Slim/Slim.php:1022)"} []
[2017-11-02 07:24:39] Espo.ERROR: API [GET]:.*, Params:Array ( ) , InputData:  -  [] []
[2017-11-02 07:24:39] Espo.ERROR: Display Error: , Code: 404 URL: /?entryPoint=avatar&size=small&id=5774fc18803ee6489&t=1509606411624 [] []
[2017-11-02 07:24:39] Espo.ERROR: Uncaught Exception Slim\Exception\Stop: "" at /var/www/html/marketing/vendor/slim/slim/Slim/Slim.php line 1022 {"exception":"[object] (Slim\\Exception\\Stop(code: 0):  at /var/www/html/marketing/vendor/slim/slim/Slim/Slim.php:1022)"} []
[2017-11-02 07:24:54] Espo.ERROR: API [GET]:.*, Params:Array ( ) , InputData:  -  [] []
[2017-11-02 07:24:54] Espo.ERROR: Display Error: , Code: 404 URL: /?entryPoint=avatar&size=small&id=5774fc18803ee6489&t=1509606411624 [] []
[2017-11-02 07:24:54] Espo.ERROR: Uncaught Exception Slim\Exception\Stop: "" at /var/www/html/marketing/vendor/slim/slim/Slim/Slim.php line 1022 {"exception":"[object] (Slim\\Exception\\Stop(code: 0):  at /var/www/html/marketing/vendor/slim/slim/Slim/Slim.php:1022)"} []
[2017-11-02 07:30:34] Espo.ERROR: API [GET]:.*, Params:Array ( ) , InputData:  -  [] []
[2017-11-02 07:30:34] Espo.ERROR: Display Error: , Code: 404 URL: /?entryPoint=avatar&size=small&id=5774fc18803ee6489&t=1509606411624 [] []
[2017-11-02 07:30:34] Espo.ERROR: Uncaught Exception Slim\Exception\Stop: "" at /var/www/html/marketing/vendor/slim/slim/Slim/Slim.php line 1022 {"exception":"[object] (Slim\\Exception\\Stop(code: 0):  at /var/www/html/marketing/vendor/slim/slim/Slim/Slim.php:1022)"} []
[2017-11-02 07:32:47] Espo.ERROR: API [GET]:.*, Params:Array ( ) , InputData:  -  [] []
[2017-11-02 07:32:47] Espo.ERROR: Display Error: , Code: 404 URL: /?entryPoint=avatar&size=small&id=5774fc18803ee6489&t=1509606411624 [] []
[2017-11-02 07:32:47] Espo.ERROR: Uncaught Exception Slim\Exception\Stop: "" at /var/www/html/marketing/vendor/slim/slim/Slim/Slim.php line 1022 {"exception":"[object] (Slim\\Exception\\Stop(code: 0):  at /var/www/html/marketing/vendor/slim/slim/Slim/Slim.php:1022)"} []
[2017-11-02 07:41:28] Espo.ERROR: API [GET]:.*, Params:Array ( ) , InputData:  -  [] []
[2017-11-02 07:41:28] Espo.ERROR: Display Error: , Code: 404 URL: /?entryPoint=avatar&size=small&id=5774fc18803ee6489&t=1509606411624 [] []
[2017-11-02 07:41:28] Espo.ERROR: Uncaught Exception Slim\Exception\Stop: "" at /var/www/html/marketing/vendor/slim/slim/Slim/Slim.php line 1022 {"exception":"[object] (Slim\\Exception\\Stop(code: 0):  at /var/www/html/marketing/vendor/slim/slim/Slim/Slim.php:1022)"} []
[2017-11-02 07:43:42] Espo.ERROR: API [GET]:.*, Params:Array ( ) , InputData:  -  [] []
[2017-11-02 07:43:42] Espo.ERROR: Display Error: , Code: 404 URL: /?entryPoint=avatar&size=small&id=5774fc18803ee6489&t=1509606411624 [] []
[2017-11-02 07:43:42] Espo.ERROR: Uncaught Exception Slim\Exception\Stop: "" at /var/www/html/marketing/vendor/slim/slim/Slim/Slim.php line 1022 {"exception":"[object] (Slim\\Exception\\Stop(code: 0):  at /var/www/html/marketing/vendor/slim/slim/Slim/Slim.php:1022)"} []
[2017-11-02 08:00:46] Espo.ERROR: API [GET]:.*, Params:Array ( ) , InputData:  -  [] []
[2017-11-02 08:00:46] Espo.ERROR: Display Error: , Code: 404 URL: /?entryPoint=avatar&size=small&id=5774fc18803ee6489&t=1509606411624 [] []
[2017-11-02 08:00:46] Espo.ERROR: Uncaught Exception Slim\Exception\Stop: "" at /var/www/html/marketing/vendor/slim/slim/Slim/Slim.php line 1022 {"exception":"[object] (Slim\\Exception\\Stop(code: 0):  at /var/www/html/marketing/vendor/slim/slim/Slim/Slim.php:1022)"} []
[2017-11-02 08:02:28] Espo.ERROR: API [GET]:.*, Params:Array ( ) , InputData:  -  [] []
[2017-11-02 08:02:28] Espo.ERROR: Display Error: , Code: 404 URL: /?entryPoint=avatar&size=small&id=5774fc18803ee6489&t=1509606411624 [] []
[2017-11-02 08:02:28] Espo.ERROR: Uncaught Exception Slim\Exception\Stop: "" at /var/www/html/marketing/vendor/slim/slim/Slim/Slim.php line 1022 {"exception":"[object] (Slim\\Exception\\Stop(code: 0):  at /var/www/html/marketing/vendor/slim/slim/Slim/Slim.php:1022)"} []
[2017-11-02 08:04:11] Espo.ERROR: API [GET]:.*, Params:Array ( ) , InputData:  -  [] []
[2017-11-02 08:04:11] Espo.ERROR: Display Error: , Code: 404 URL: /?entryPoint=avatar&size=small&id=5774fc18803ee6489&t=1509606411624 [] []
[2017-11-02 08:04:11] Espo.ERROR: Uncaught Exception Slim\Exception\Stop: "" at /var/www/html/marketing/vendor/slim/slim/Slim/Slim.php line 1022 {"exception":"[object] (Slim\\Exception\\Stop(code: 0):  at /var/www/html/marketing/vendor/slim/slim/Slim/Slim.php:1022)"} []
[2017-11-02 08:05:28] Espo.ERROR: API [GET]:.*, Params:Array ( ) , InputData:  -  [] []
[2017-11-02 08:05:28] Espo.ERROR: Display Error: , Code: 404 URL: /?entryPoint=avatar&size=small&id=5774fc18803ee6489&t=1509606411624 [] []
[2017-11-02 08:05:28] Espo.ERROR: Uncaught Exception Slim\Exception\Stop: "" at /var/www/html/marketing/vendor/slim/slim/Slim/Slim.php line 1022 {"exception":"[object] (Slim\\Exception\\Stop(code: 0):  at /var/www/html/marketing/vendor/slim/slim/Slim/Slim.php:1022)"} []
[2017-11-02 08:07:55] Espo.ERROR: API [GET]:.*, Params:Array ( ) , InputData:  -  [] []
[2017-11-02 08:07:55] Espo.ERROR: Display Error: , Code: 404 URL: /?entryPoint=avatar&size=small&id=5774fc18803ee6489&t=1509606411624 [] []
[2017-11-02 08:07:55] Espo.ERROR: Uncaught Exception Slim\Exception\Stop: "" at /var/www/html/marketing/vendor/slim/slim/Slim/Slim.php line 1022 {"exception":"[object] (Slim\\Exception\\Stop(code: 0):  at /var/www/html/marketing/vendor/slim/slim/Slim/Slim.php:1022)"} []
[2017-11-02 08:10:00] Espo.ERROR: API [GET]:.*, Params:Array ( ) , InputData:  -  [] []
[2017-11-02 08:10:00] Espo.ERROR: Display Error: , Code: 404 URL: /?entryPoint=avatar&size=small&id=5774fc18803ee6489&t=1509606411624 [] []
[2017-11-02 08:10:00] Espo.ERROR: Uncaught Exception Slim\Exception\Stop: "" at /var/www/html/marketing/vendor/slim/slim/Slim/Slim.php line 1022 {"exception":"[object] (Slim\\Exception\\Stop(code: 0):  at /var/www/html/marketing/vendor/slim/slim/Slim/Slim.php:1022)"} []
[2017-11-02 08:20:35] Espo.ERROR: API [GET]:.*, Params:Array ( ) , InputData:  -  [] []
[2017-11-02 08:20:35] Espo.ERROR: Display Error: , Code: 404 URL: /?entryPoint=avatar&size=small&id=5774fc18803ee6489&t=1509606411624 [] []
[2017-11-02 08:20:35] Espo.ERROR: Uncaught Exception Slim\Exception\Stop: "" at /var/www/html/marketing/vendor/slim/slim/Slim/Slim.php line 1022 {"exception":"[object] (Slim\\Exception\\Stop(code: 0):  at /var/www/html/marketing/vendor/slim/slim/Slim/Slim.php:1022)"} []
[2017-11-02 08:22:00] Espo.ERROR: API [GET]:.*, Params:Array ( ) , InputData:  -  [] []
[2017-11-02 08:22:00] Espo.ERROR: Display Error: , Code: 404 URL: /?entryPoint=avatar&size=small&id=5774fc18803ee6489&t=1509606411624 [] []
[2017-11-02 08:22:00] Espo.ERROR: Uncaught Exception Slim\Exception\Stop: "" at /var/www/html/marketing/vendor/slim/slim/Slim/Slim.php line 1022 {"exception":"[object] (Slim\\Exception\\Stop(code: 0):  at /var/www/html/marketing/vendor/slim/slim/Slim/Slim.php:1022)"} []
[2017-11-02 08:44:13] Espo.ERROR: API [GET]:.*, Params:Array ( ) , InputData:  -  [] []
[2017-11-02 08:44:13] Espo.ERROR: Display Error: , Code: 404 URL: /?entryPoint=avatar&size=small&id=5774fc18803ee6489&t=1509612113338 [] []
[2017-11-02 08:44:13] Espo.ERROR: Uncaught Exception Slim\Exception\Stop: "" at /var/www/html/marketing/vendor/slim/slim/Slim/Slim.php line 1022 {"exception":"[object] (Slim\\Exception\\Stop(code: 0):  at /var/www/html/marketing/vendor/slim/slim/Slim/Slim.php:1022)"} []
[2017-11-02 10:18:28] Espo.ERROR: API [GET]:.*, Params:Array ( ) , InputData:  -  [] []
[2017-11-02 10:18:28] Espo.ERROR: Display Error: , Code: 404 URL: /?entryPoint=avatar&size=small&id=5774fc18803ee6489&t=1509617889973 [] []
[2017-11-02 10:18:28] Espo.ERROR: Uncaught Exception Slim\Exception\Stop: "" at /var/www/html/marketing/vendor/slim/slim/Slim/Slim.php line 1022 {"exception":"[object] (Slim\\Exception\\Stop(code: 0):  at /var/www/html/marketing/vendor/slim/slim/Slim/Slim.php:1022)"} []
[2017-11-02 10:20:14] Espo.ERROR: API [GET]:.*, Params:Array ( ) , InputData:  -  [] []
[2017-11-02 10:20:14] Espo.ERROR: Display Error: , Code: 404 URL: /?entryPoint=avatar&size=small&id=5774fc18803ee6489&t=1509617889973 [] []
[2017-11-02 10:20:14] Espo.ERROR: Uncaught Exception Slim\Exception\Stop: "" at /var/www/html/marketing/vendor/slim/slim/Slim/Slim.php line 1022 {"exception":"[object] (Slim\\Exception\\Stop(code: 0):  at /var/www/html/marketing/vendor/slim/slim/Slim/Slim.php:1022)"} []
[2017-11-02 10:20:21] Espo.ERROR: API [GET]:.*, Params:Array ( ) , InputData:  -  [] []
[2017-11-02 10:20:21] Espo.ERROR: Display Error: , Code: 404 URL: /?entryPoint=avatar&size=small&id=5774fc18803ee6489&t=1509617889973 [] []
[2017-11-02 10:20:21] Espo.ERROR: Uncaught Exception Slim\Exception\Stop: "" at /var/www/html/marketing/vendor/slim/slim/Slim/Slim.php line 1022 {"exception":"[object] (Slim\\Exception\\Stop(code: 0):  at /var/www/html/marketing/vendor/slim/slim/Slim/Slim.php:1022)"} []
[2017-11-02 10:23:26] Espo.ERROR: API [GET]:.*, Params:Array ( ) , InputData:  -  [] []
[2017-11-02 10:23:26] Espo.ERROR: Display Error: , Code: 404 URL: /?entryPoint=avatar&size=small&id=5774fc18803ee6489&t=1509618212903&attachmentId=57922f70cfdf89b17 [] []
[2017-11-02 10:23:26] Espo.ERROR: Uncaught Exception Slim\Exception\Stop: "" at /var/www/html/marketing/vendor/slim/slim/Slim/Slim.php line 1022 {"exception":"[object] (Slim\\Exception\\Stop(code: 0):  at /var/www/html/marketing/vendor/slim/slim/Slim/Slim.php:1022)"} []
[2017-11-02 10:23:28] Espo.ERROR: API [GET]:.*, Params:Array ( ) , InputData:  -  [] []
[2017-11-02 10:23:28] Espo.ERROR: Display Error: , Code: 404 URL: /?entryPoint=avatar&size=small&id=5774fc18803ee6489&t=1509617889973 [] []
[2017-11-02 10:23:28] Espo.ERROR: Uncaught Exception Slim\Exception\Stop: "" at /var/www/html/marketing/vendor/slim/slim/Slim/Slim.php line 1022 {"exception":"[object] (Slim\\Exception\\Stop(code: 0):  at /var/www/html/marketing/vendor/slim/slim/Slim/Slim.php:1022)"} []
[2017-11-02 10:23:37] Espo.ERROR: API [GET]:.*, Params:Array ( ) , InputData:  -  [] []
[2017-11-02 10:23:37] Espo.ERROR: Display Error: , Code: 404 URL: /?entryPoint=avatar&size=small&id=5774fc18803ee6489&t=1509617889973 [] []
[2017-11-02 10:23:37] Espo.ERROR: Uncaught Exception Slim\Exception\Stop: "" at /var/www/html/marketing/vendor/slim/slim/Slim/Slim.php line 1022 {"exception":"[object] (Slim\\Exception\\Stop(code: 0):  at /var/www/html/marketing/vendor/slim/slim/Slim/Slim.php:1022)"} []
[2017-11-02 10:30:03] Espo.ERROR: API [GET]:.*, Params:Array ( ) , InputData:  -  [] []
[2017-11-02 10:30:03] Espo.ERROR: Display Error: , Code: 404 URL: /?entryPoint=avatar&size=small&id=5774fc18803ee6489&t=1509612451394 [] []
[2017-11-02 10:30:03] Espo.ERROR: Uncaught Exception Slim\Exception\Stop: "" at /var/www/html/marketing/vendor/slim/slim/Slim/Slim.php line 1022 {"exception":"[object] (Slim\\Exception\\Stop(code: 0):  at /var/www/html/marketing/vendor/slim/slim/Slim/Slim.php:1022)"} []
[2017-11-02 10:30:10] Espo.ERROR: API [GET]:.*, Params:Array ( ) , InputData:  -  [] []
[2017-11-02 10:30:10] Espo.ERROR: Display Error: , Code: 404 URL: /?entryPoint=avatar&size=small&id=5774fc18803ee6489&t=1509612451394 [] []
[2017-11-02 10:30:10] Espo.ERROR: Uncaught Exception Slim\Exception\Stop: "" at /var/www/html/marketing/vendor/slim/slim/Slim/Slim.php line 1022 {"exception":"[object] (Slim\\Exception\\Stop(code: 0):  at /var/www/html/marketing/vendor/slim/slim/Slim/Slim.php:1022)"} []
[2017-11-02 10:37:56] Espo.ERROR: API [GET]:.*, Params:Array ( ) , InputData:  -  [] []
[2017-11-02 10:37:56] Espo.ERROR: Display Error: , Code: 404 URL: /?entryPoint=avatar&size=small&id=5774fc18803ee6489&t=1509612451394 [] []
[2017-11-02 10:37:56] Espo.ERROR: Uncaught Exception Slim\Exception\Stop: "" at /var/www/html/marketing/vendor/slim/slim/Slim/Slim.php line 1022 {"exception":"[object] (Slim\\Exception\\Stop(code: 0):  at /var/www/html/marketing/vendor/slim/slim/Slim/Slim.php:1022)"} []
[2017-11-02 10:38:18] Espo.ERROR: API [GET]:.*, Params:Array ( ) , InputData:  -  [] []
[2017-11-02 10:38:18] Espo.ERROR: Display Error: , Code: 404 URL: /?entryPoint=avatar&size=small&id=5774fc18803ee6489&t=1509612451394 [] []
[2017-11-02 10:38:18] Espo.ERROR: Uncaught Exception Slim\Exception\Stop: "" at /var/www/html/marketing/vendor/slim/slim/Slim/Slim.php line 1022 {"exception":"[object] (Slim\\Exception\\Stop(code: 0):  at /var/www/html/marketing/vendor/slim/slim/Slim/Slim.php:1022)"} []
[2017-11-02 10:38:22] Espo.ERROR: API [GET]:.*, Params:Array ( ) , InputData:  -  [] []
[2017-11-02 10:38:22] Espo.ERROR: Display Error: , Code: 404 URL: /?entryPoint=avatar&size=small&id=5774fc18803ee6489&t=1509612451394 [] []
[2017-11-02 10:38:22] Espo.ERROR: Uncaught Exception Slim\Exception\Stop: "" at /var/www/html/marketing/vendor/slim/slim/Slim/Slim.php line 1022 {"exception":"[object] (Slim\\Exception\\Stop(code: 0):  at /var/www/html/marketing/vendor/slim/slim/Slim/Slim.php:1022)"} []
[2017-11-02 10:41:30] Espo.ERROR: API [GET]:.*, Params:Array ( ) , InputData:  -  [] []
[2017-11-02 10:41:30] Espo.ERROR: Display Error: , Code: 404 URL: /?entryPoint=avatar&size=small&id=5774fc18803ee6489&t=1509612451394 [] []
[2017-11-02 10:41:30] Espo.ERROR: Uncaught Exception Slim\Exception\Stop: "" at /var/www/html/marketing/vendor/slim/slim/Slim/Slim.php line 1022 {"exception":"[object] (Slim\\Exception\\Stop(code: 0):  at /var/www/html/marketing/vendor/slim/slim/Slim/Slim.php:1022)"} []
[2017-11-02 10:56:44] Espo.ERROR: API [GET]:.*, Params:Array ( ) , InputData:  -  [] []
[2017-11-02 10:56:44] Espo.ERROR: Display Error: , Code: 404 URL: /?entryPoint=avatar&size=small&id=5774fc18803ee6489&t=1509612451394 [] []
[2017-11-02 10:56:44] Espo.ERROR: Uncaught Exception Slim\Exception\Stop: "" at /var/www/html/marketing/vendor/slim/slim/Slim/Slim.php line 1022 {"exception":"[object] (Slim\\Exception\\Stop(code: 0):  at /var/www/html/marketing/vendor/slim/slim/Slim/Slim.php:1022)"} []
[2017-11-02 11:04:05] Espo.ERROR: API [GET]:.*, Params:Array ( ) , InputData:  -  [] []
[2017-11-02 11:04:05] Espo.ERROR: Display Error: , Code: 404 URL: /?entryPoint=avatar&size=small&id=5774fc18803ee6489&t=1509612451394 [] []
[2017-11-02 11:04:05] Espo.ERROR: Uncaught Exception Slim\Exception\Stop: "" at /var/www/html/marketing/vendor/slim/slim/Slim/Slim.php line 1022 {"exception":"[object] (Slim\\Exception\\Stop(code: 0):  at /var/www/html/marketing/vendor/slim/slim/Slim/Slim.php:1022)"} []
[2017-11-02 11:06:16] Espo.ERROR: API [GET]:.*, Params:Array ( ) , InputData:  -  [] []
[2017-11-02 11:06:16] Espo.ERROR: Display Error: , Code: 404 URL: /?entryPoint=avatar&size=small&id=5774fc18803ee6489&t=1509612451394 [] []
[2017-11-02 11:06:16] Espo.ERROR: Uncaught Exception Slim\Exception\Stop: "" at /var/www/html/marketing/vendor/slim/slim/Slim/Slim.php line 1022 {"exception":"[object] (Slim\\Exception\\Stop(code: 0):  at /var/www/html/marketing/vendor/slim/slim/Slim/Slim.php:1022)"} []
[2017-11-02 11:07:46] Espo.ERROR: API [GET]:.*, Params:Array ( ) , InputData:  -  [] []
[2017-11-02 11:07:46] Espo.ERROR: Display Error: , Code: 404 URL: /?entryPoint=avatar&size=small&id=5774fc18803ee6489&t=1509612451394 [] []
[2017-11-02 11:07:46] Espo.ERROR: Uncaught Exception Slim\Exception\Stop: "" at /var/www/html/marketing/vendor/slim/slim/Slim/Slim.php line 1022 {"exception":"[object] (Slim\\Exception\\Stop(code: 0):  at /var/www/html/marketing/vendor/slim/slim/Slim/Slim.php:1022)"} []
[2017-11-02 11:09:29] Espo.ERROR: API [GET]:.*, Params:Array ( ) , InputData:  -  [] []
[2017-11-02 11:09:29] Espo.ERROR: Display Error: , Code: 404 URL: /?entryPoint=avatar&size=small&id=5774fc18803ee6489&t=1509612451394 [] []
[2017-11-02 11:09:29] Espo.ERROR: Uncaught Exception Slim\Exception\Stop: "" at /var/www/html/marketing/vendor/slim/slim/Slim/Slim.php line 1022 {"exception":"[object] (Slim\\Exception\\Stop(code: 0):  at /var/www/html/marketing/vendor/slim/slim/Slim/Slim.php:1022)"} []
[2017-11-02 11:10:52] Espo.ERROR: API [GET]:.*, Params:Array ( ) , InputData:  -  [] []
[2017-11-02 11:10:52] Espo.ERROR: Display Error: , Code: 404 URL: /?entryPoint=avatar&size=small&id=5774fc18803ee6489&t=1509612451394 [] []
[2017-11-02 11:10:52] Espo.ERROR: Uncaught Exception Slim\Exception\Stop: "" at /var/www/html/marketing/vendor/slim/slim/Slim/Slim.php line 1022 {"exception":"[object] (Slim\\Exception\\Stop(code: 0):  at /var/www/html/marketing/vendor/slim/slim/Slim/Slim.php:1022)"} []
[2017-11-02 11:11:06] Espo.ERROR: API [GET]:.*, Params:Array ( ) , InputData:  -  [] []
[2017-11-02 11:11:06] Espo.ERROR: Display Error: , Code: 404 URL: /?entryPoint=avatar&size=small&id=5774fc18803ee6489&t=1509612451394 [] []
[2017-11-02 11:11:06] Espo.ERROR: Uncaught Exception Slim\Exception\Stop: "" at /var/www/html/marketing/vendor/slim/slim/Slim/Slim.php line 1022 {"exception":"[object] (Slim\\Exception\\Stop(code: 0):  at /var/www/html/marketing/vendor/slim/slim/Slim/Slim.php:1022)"} []
[2017-11-02 11:11:30] Espo.ERROR: API [GET]:.*, Params:Array ( ) , InputData:  -  [] []
[2017-11-02 11:11:30] Espo.ERROR: Display Error: , Code: 404 URL: /?entryPoint=avatar&size=small&id=5774fc18803ee6489&t=1509612451394 [] []
[2017-11-02 11:11:30] Espo.ERROR: Uncaught Exception Slim\Exception\Stop: "" at /var/www/html/marketing/vendor/slim/slim/Slim/Slim.php line 1022 {"exception":"[object] (Slim\\Exception\\Stop(code: 0):  at /var/www/html/marketing/vendor/slim/slim/Slim/Slim.php:1022)"} []
[2017-11-02 11:12:52] Espo.ERROR: API [GET]:.*, Params:Array ( ) , InputData:  -  [] []
[2017-11-02 11:12:52] Espo.ERROR: Display Error: , Code: 404 URL: /?entryPoint=avatar&size=small&id=5774fc18803ee6489&t=1509612451394 [] []
[2017-11-02 11:12:52] Espo.ERROR: Uncaught Exception Slim\Exception\Stop: "" at /var/www/html/marketing/vendor/slim/slim/Slim/Slim.php line 1022 {"exception":"[object] (Slim\\Exception\\Stop(code: 0):  at /var/www/html/marketing/vendor/slim/slim/Slim/Slim.php:1022)"} []
[2017-11-02 11:13:17] Espo.ERROR: API [POST]:/:controller, Params:Array (     [controller] => Contact ) , InputData: {"firstName":"Moin","lastName":"Azmi","assignedUserId":"59e60758ab725a262","assignedUserName":"Ali Elaouzi","salutationName":"Mr.","accountsIds":["59edf15a540ee2c5c"],"accountsNames":{"59edf15a540ee2c5c":"Azmi-Rana Solicitors  Mr Muhammud Ubaid"},"accountsColumns":{"59edf15a540ee2c5c":{"role":"Director","isInactive":false}},"accountId":"59edf15a540ee2c5c","accountName":"Azmi-Rana Solicitors  Mr Muhammud Ubaid","title":"Director","accountIsInactive":false,"emailAddressData":[{"emailAddress":"m.azmi@amlsolicitors.co.uk","primary":true,"optOut":false,"invalid":false,"lower":"m.azmi@amlsolicitors.co.uk"}],"emailAddress":"m.azmi@amlsolicitors.co.uk","phoneNumberData":[{"phoneNumber":"0161 795 4777","primary":true,"type":"Mobile"}],"phoneNumber":"0161 795 4777","addressCity":"Manchester ","addressCountry":"England ","teamsIds":[],"teamsNames":{}} - {"reason":"Duplicate","data":{"59fafd8f1295f2e36":{"id":"59fafd8f1295f2e36","name":"Moin Azmi","deleted":false,"salutationName":"Mr.","firstName":"Moin","lastName":"Azmi","accountId":"59edf15a540ee2c5c","title":"Director","description":null,"emailAddress":"m.azmi@amlsolicitors.co.uk","phoneNumber":"0161 795 4777","doNotCall":false,"addressStreet":null,"addressCity":"Manchester ","addressState":null,"addressCountry":"England ","addressPostalCode":null,"accountIsInactive":false,"accountType":"Customer","createdAt":"2017-11-02 11:12:15","modifiedAt":"2017-11-02 11:12:15","accountName":"Azmi-Rana Solicitors  Mr Muhammud Ubaid","campaignId":null,"createdById":"59e60758ab725a262","createdByName":"Ali Elaouzi","modifiedById":null,"modifiedByName":null,"assignedUserId":"59e60758ab725a262","assignedUserName":"Ali Elaouzi"}}} [] []
[2017-11-02 11:13:17] Espo.ERROR: Display Error: {"reason":"Duplicate","data":{"59fafd8f1295f2e36":{"id":"59fafd8f1295f2e36","name":"Moin Azmi","deleted":false,"salutationName":"Mr.","firstName":"Moin","lastName":"Azmi","accountId":"59edf15a540ee2c5c","title":"Director","description":null,"emailAddress":"m.azmi@amlsolicitors.co.uk","phoneNumber":"0161 795 4777","doNotCall":false,"addressStreet":null,"addressCity":"Manchester ","addressState":null,"addressCountry":"England ","addressPostalCode":null,"accountIsInactive":false,"accountType":"Customer","createdAt":"2017-11-02 11:12:15","modifiedAt":"2017-11-02 11:12:15","accountName":"Azmi-Rana Solicitors  Mr Muhammud Ubaid","campaignId":null,"createdById":"59e60758ab725a262","createdByName":"Ali Elaouzi","modifiedById":null,"modifiedByName":null,"assignedUserId":"59e60758ab725a262","assignedUserName":"Ali Elaouzi"}}}, Code: 409 URL: /api/v1/Contact [] []
[2017-11-02 11:13:58] Espo.ERROR: API [GET]:.*, Params:Array ( ) , InputData:  -  [] []
[2017-11-02 11:13:58] Espo.ERROR: Display Error: , Code: 404 URL: /?entryPoint=avatar&size=small&id=5774fc18803ee6489&t=1509612451394 [] []
[2017-11-02 11:13:58] Espo.ERROR: Uncaught Exception Slim\Exception\Stop: "" at /var/www/html/marketing/vendor/slim/slim/Slim/Slim.php line 1022 {"exception":"[object] (Slim\\Exception\\Stop(code: 0):  at /var/www/html/marketing/vendor/slim/slim/Slim/Slim.php:1022)"} []
[2017-11-02 11:16:09] Espo.ERROR: API [GET]:.*, Params:Array ( ) , InputData:  -  [] []
[2017-11-02 11:16:09] Espo.ERROR: Display Error: , Code: 404 URL: /?entryPoint=avatar&size=small&id=5774fc18803ee6489&t=1509612451394 [] []
[2017-11-02 11:16:09] Espo.ERROR: Uncaught Exception Slim\Exception\Stop: "" at /var/www/html/marketing/vendor/slim/slim/Slim/Slim.php line 1022 {"exception":"[object] (Slim\\Exception\\Stop(code: 0):  at /var/www/html/marketing/vendor/slim/slim/Slim/Slim.php:1022)"} []
[2017-11-02 11:19:25] Espo.ERROR: API [GET]:.*, Params:Array ( ) , InputData:  -  [] []
[2017-11-02 11:19:25] Espo.ERROR: Display Error: , Code: 404 URL: /?entryPoint=avatar&size=small&id=5774fc18803ee6489&t=1509612451394 [] []
[2017-11-02 11:19:25] Espo.ERROR: Uncaught Exception Slim\Exception\Stop: "" at /var/www/html/marketing/vendor/slim/slim/Slim/Slim.php line 1022 {"exception":"[object] (Slim\\Exception\\Stop(code: 0):  at /var/www/html/marketing/vendor/slim/slim/Slim/Slim.php:1022)"} []
[2017-11-02 11:21:34] Espo.ERROR: API [GET]:.*, Params:Array ( ) , InputData:  -  [] []
[2017-11-02 11:21:34] Espo.ERROR: Display Error: , Code: 404 URL: /?entryPoint=avatar&size=small&id=5774fc18803ee6489&t=1509612451394 [] []
[2017-11-02 11:21:34] Espo.ERROR: Uncaught Exception Slim\Exception\Stop: "" at /var/www/html/marketing/vendor/slim/slim/Slim/Slim.php line 1022 {"exception":"[object] (Slim\\Exception\\Stop(code: 0):  at /var/www/html/marketing/vendor/slim/slim/Slim/Slim.php:1022)"} []
[2017-11-02 11:23:13] Espo.ERROR: API [GET]:.*, Params:Array ( ) , InputData:  -  [] []
[2017-11-02 11:23:13] Espo.ERROR: Display Error: , Code: 404 URL: /?entryPoint=avatar&size=small&id=5774fc18803ee6489&t=1509612451394 [] []
[2017-11-02 11:23:13] Espo.ERROR: Uncaught Exception Slim\Exception\Stop: "" at /var/www/html/marketing/vendor/slim/slim/Slim/Slim.php line 1022 {"exception":"[object] (Slim\\Exception\\Stop(code: 0):  at /var/www/html/marketing/vendor/slim/slim/Slim/Slim.php:1022)"} []
[2017-11-02 11:23:29] Espo.ERROR: API [GET]:.*, Params:Array ( ) , InputData:  -  [] []
[2017-11-02 11:23:29] Espo.ERROR: Display Error: , Code: 404 URL: /?entryPoint=avatar&size=small&id=5774fc18803ee6489&t=1509612451394 [] []
[2017-11-02 11:23:29] Espo.ERROR: Uncaught Exception Slim\Exception\Stop: "" at /var/www/html/marketing/vendor/slim/slim/Slim/Slim.php line 1022 {"exception":"[object] (Slim\\Exception\\Stop(code: 0):  at /var/www/html/marketing/vendor/slim/slim/Slim/Slim.php:1022)"} []
[2017-11-02 11:23:48] Espo.ERROR: API [GET]:.*, Params:Array ( ) , InputData:  -  [] []
[2017-11-02 11:23:48] Espo.ERROR: Display Error: , Code: 404 URL: /?entryPoint=avatar&size=small&id=5774fc18803ee6489&t=1509612451394 [] []
[2017-11-02 11:23:48] Espo.ERROR: Uncaught Exception Slim\Exception\Stop: "" at /var/www/html/marketing/vendor/slim/slim/Slim/Slim.php line 1022 {"exception":"[object] (Slim\\Exception\\Stop(code: 0):  at /var/www/html/marketing/vendor/slim/slim/Slim/Slim.php:1022)"} []
[2017-11-02 11:25:16] Espo.ERROR: API [GET]:.*, Params:Array ( ) , InputData:  -  [] []
[2017-11-02 11:25:16] Espo.ERROR: Display Error: , Code: 404 URL: /?entryPoint=avatar&size=small&id=5774fc18803ee6489&t=1509612451394 [] []
[2017-11-02 11:25:16] Espo.ERROR: Uncaught Exception Slim\Exception\Stop: "" at /var/www/html/marketing/vendor/slim/slim/Slim/Slim.php line 1022 {"exception":"[object] (Slim\\Exception\\Stop(code: 0):  at /var/www/html/marketing/vendor/slim/slim/Slim/Slim.php:1022)"} []
[2017-11-02 11:26:35] Espo.ERROR: API [GET]:.*, Params:Array ( ) , InputData:  -  [] []
[2017-11-02 11:26:35] Espo.ERROR: Display Error: , Code: 404 URL: /?entryPoint=avatar&size=small&id=5774fc18803ee6489&t=1509612451394 [] []
[2017-11-02 11:26:35] Espo.ERROR: Uncaught Exception Slim\Exception\Stop: "" at /var/www/html/marketing/vendor/slim/slim/Slim/Slim.php line 1022 {"exception":"[object] (Slim\\Exception\\Stop(code: 0):  at /var/www/html/marketing/vendor/slim/slim/Slim/Slim.php:1022)"} []
[2017-11-02 11:28:10] Espo.ERROR: API [GET]:.*, Params:Array ( ) , InputData:  -  [] []
[2017-11-02 11:28:10] Espo.ERROR: Display Error: , Code: 404 URL: /?entryPoint=avatar&size=small&id=5774fc18803ee6489&t=1509612451394 [] []
[2017-11-02 11:28:10] Espo.ERROR: Uncaught Exception Slim\Exception\Stop: "" at /var/www/html/marketing/vendor/slim/slim/Slim/Slim.php line 1022 {"exception":"[object] (Slim\\Exception\\Stop(code: 0):  at /var/www/html/marketing/vendor/slim/slim/Slim/Slim.php:1022)"} []
[2017-11-02 11:29:00] Espo.ERROR: API [GET]:.*, Params:Array ( ) , InputData:  -  [] []
[2017-11-02 11:29:00] Espo.ERROR: Display Error: , Code: 404 URL: /?entryPoint=avatar&size=small&id=5774fc18803ee6489&t=1509612451394 [] []
[2017-11-02 11:29:00] Espo.ERROR: Uncaught Exception Slim\Exception\Stop: "" at /var/www/html/marketing/vendor/slim/slim/Slim/Slim.php line 1022 {"exception":"[object] (Slim\\Exception\\Stop(code: 0):  at /var/www/html/marketing/vendor/slim/slim/Slim/Slim.php:1022)"} []
[2017-11-02 11:30:20] Espo.ERROR: API [GET]:.*, Params:Array ( ) , InputData:  -  [] []
[2017-11-02 11:30:20] Espo.ERROR: Display Error: , Code: 404 URL: /?entryPoint=avatar&size=small&id=5774fc18803ee6489&t=1509612451394 [] []
[2017-11-02 11:30:20] Espo.ERROR: Uncaught Exception Slim\Exception\Stop: "" at /var/www/html/marketing/vendor/slim/slim/Slim/Slim.php line 1022 {"exception":"[object] (Slim\\Exception\\Stop(code: 0):  at /var/www/html/marketing/vendor/slim/slim/Slim/Slim.php:1022)"} []
[2017-11-02 11:30:53] Espo.ERROR: API [GET]:.*, Params:Array ( ) , InputData:  -  [] []
[2017-11-02 11:30:53] Espo.ERROR: Display Error: , Code: 404 URL: /?entryPoint=avatar&size=small&id=5774fc18803ee6489&t=1509612451394 [] []
[2017-11-02 11:30:53] Espo.ERROR: Uncaught Exception Slim\Exception\Stop: "" at /var/www/html/marketing/vendor/slim/slim/Slim/Slim.php line 1022 {"exception":"[object] (Slim\\Exception\\Stop(code: 0):  at /var/www/html/marketing/vendor/slim/slim/Slim/Slim.php:1022)"} []
[2017-11-02 11:32:31] Espo.ERROR: API [GET]:.*, Params:Array ( ) , InputData:  -  [] []
[2017-11-02 11:32:31] Espo.ERROR: Display Error: , Code: 404 URL: /?entryPoint=avatar&size=small&id=5774fc18803ee6489&t=1509612451394 [] []
[2017-11-02 11:32:31] Espo.ERROR: Uncaught Exception Slim\Exception\Stop: "" at /var/www/html/marketing/vendor/slim/slim/Slim/Slim.php line 1022 {"exception":"[object] (Slim\\Exception\\Stop(code: 0):  at /var/www/html/marketing/vendor/slim/slim/Slim/Slim.php:1022)"} []
[2017-11-02 11:33:39] Espo.ERROR: API [GET]:.*, Params:Array ( ) , InputData:  -  [] []
[2017-11-02 11:33:39] Espo.ERROR: Display Error: , Code: 404 URL: /?entryPoint=avatar&size=small&id=5774fc18803ee6489&t=1509612451394 [] []
[2017-11-02 11:33:39] Espo.ERROR: Uncaught Exception Slim\Exception\Stop: "" at /var/www/html/marketing/vendor/slim/slim/Slim/Slim.php line 1022 {"exception":"[object] (Slim\\Exception\\Stop(code: 0):  at /var/www/html/marketing/vendor/slim/slim/Slim/Slim.php:1022)"} []
[2017-11-02 11:34:42] Espo.ERROR: API [GET]:.*, Params:Array ( ) , InputData:  -  [] []
[2017-11-02 11:34:42] Espo.ERROR: Display Error: , Code: 404 URL: /?entryPoint=avatar&size=small&id=5774fc18803ee6489&t=1509612451394 [] []
[2017-11-02 11:34:42] Espo.ERROR: Uncaught Exception Slim\Exception\Stop: "" at /var/www/html/marketing/vendor/slim/slim/Slim/Slim.php line 1022 {"exception":"[object] (Slim\\Exception\\Stop(code: 0):  at /var/www/html/marketing/vendor/slim/slim/Slim/Slim.php:1022)"} []
[2017-11-02 11:35:08] Espo.ERROR: API [GET]:.*, Params:Array ( ) , InputData:  -  [] []
[2017-11-02 11:35:08] Espo.ERROR: Display Error: , Code: 404 URL: /?entryPoint=avatar&size=small&id=5774fc18803ee6489&t=1509612451394 [] []
[2017-11-02 11:35:08] Espo.ERROR: Uncaught Exception Slim\Exception\Stop: "" at /var/www/html/marketing/vendor/slim/slim/Slim/Slim.php line 1022 {"exception":"[object] (Slim\\Exception\\Stop(code: 0):  at /var/www/html/marketing/vendor/slim/slim/Slim/Slim.php:1022)"} []
[2017-11-02 11:37:30] Espo.ERROR: API [GET]:.*, Params:Array ( ) , InputData:  -  [] []
[2017-11-02 11:37:30] Espo.ERROR: Display Error: , Code: 404 URL: /?entryPoint=avatar&size=small&id=5774fc18803ee6489&t=1509612451394 [] []
[2017-11-02 11:37:30] Espo.ERROR: Uncaught Exception Slim\Exception\Stop: "" at /var/www/html/marketing/vendor/slim/slim/Slim/Slim.php line 1022 {"exception":"[object] (Slim\\Exception\\Stop(code: 0):  at /var/www/html/marketing/vendor/slim/slim/Slim/Slim.php:1022)"} []
[2017-11-02 11:37:55] Espo.ERROR: API [GET]:.*, Params:Array ( ) , InputData:  -  [] []
[2017-11-02 11:37:55] Espo.ERROR: Display Error: , Code: 404 URL: /?entryPoint=avatar&size=small&id=5774fc18803ee6489&t=1509612451394 [] []
[2017-11-02 11:37:55] Espo.ERROR: Uncaught Exception Slim\Exception\Stop: "" at /var/www/html/marketing/vendor/slim/slim/Slim/Slim.php line 1022 {"exception":"[object] (Slim\\Exception\\Stop(code: 0):  at /var/www/html/marketing/vendor/slim/slim/Slim/Slim.php:1022)"} []
[2017-11-02 11:40:55] Espo.ERROR: API [GET]:.*, Params:Array ( ) , InputData:  -  [] []
[2017-11-02 11:40:55] Espo.ERROR: Display Error: , Code: 404 URL: /?entryPoint=avatar&size=small&id=5774fc18803ee6489&t=1509612451394 [] []
[2017-11-02 11:40:55] Espo.ERROR: Uncaught Exception Slim\Exception\Stop: "" at /var/www/html/marketing/vendor/slim/slim/Slim/Slim.php line 1022 {"exception":"[object] (Slim\\Exception\\Stop(code: 0):  at /var/www/html/marketing/vendor/slim/slim/Slim/Slim.php:1022)"} []
[2017-11-02 11:42:53] Espo.ERROR: API [GET]:.*, Params:Array ( ) , InputData:  -  [] []
[2017-11-02 11:42:53] Espo.ERROR: Display Error: , Code: 404 URL: /?entryPoint=avatar&size=small&id=5774fc18803ee6489&t=1509612451394 [] []
[2017-11-02 11:42:53] Espo.ERROR: Uncaught Exception Slim\Exception\Stop: "" at /var/www/html/marketing/vendor/slim/slim/Slim/Slim.php line 1022 {"exception":"[object] (Slim\\Exception\\Stop(code: 0):  at /var/www/html/marketing/vendor/slim/slim/Slim/Slim.php:1022)"} []
[2017-11-02 11:43:59] Espo.ERROR: API [GET]:.*, Params:Array ( ) , InputData:  -  [] []
[2017-11-02 11:43:59] Espo.ERROR: Display Error: , Code: 404 URL: /?entryPoint=avatar&size=small&id=5774fc18803ee6489&t=1509612451394 [] []
[2017-11-02 11:43:59] Espo.ERROR: Uncaught Exception Slim\Exception\Stop: "" at /var/www/html/marketing/vendor/slim/slim/Slim/Slim.php line 1022 {"exception":"[object] (Slim\\Exception\\Stop(code: 0):  at /var/www/html/marketing/vendor/slim/slim/Slim/Slim.php:1022)"} []
[2017-11-02 11:45:12] Espo.ERROR: API [GET]:.*, Params:Array ( ) , InputData:  -  [] []
[2017-11-02 11:45:12] Espo.ERROR: Display Error: , Code: 404 URL: /?entryPoint=avatar&size=small&id=5774fc18803ee6489&t=1509612451394 [] []
[2017-11-02 11:45:12] Espo.ERROR: Uncaught Exception Slim\Exception\Stop: "" at /var/www/html/marketing/vendor/slim/slim/Slim/Slim.php line 1022 {"exception":"[object] (Slim\\Exception\\Stop(code: 0):  at /var/www/html/marketing/vendor/slim/slim/Slim/Slim.php:1022)"} []
[2017-11-02 11:45:36] Espo.ERROR: API [GET]:.*, Params:Array ( ) , InputData:  -  [] []
[2017-11-02 11:45:36] Espo.ERROR: Display Error: , Code: 404 URL: /?entryPoint=avatar&size=small&id=5774fc18803ee6489&t=1509612451394 [] []
[2017-11-02 11:45:36] Espo.ERROR: Uncaught Exception Slim\Exception\Stop: "" at /var/www/html/marketing/vendor/slim/slim/Slim/Slim.php line 1022 {"exception":"[object] (Slim\\Exception\\Stop(code: 0):  at /var/www/html/marketing/vendor/slim/slim/Slim/Slim.php:1022)"} []
[2017-11-02 11:47:01] Espo.ERROR: API [GET]:.*, Params:Array ( ) , InputData:  -  [] []
[2017-11-02 11:47:01] Espo.ERROR: Display Error: , Code: 404 URL: /?entryPoint=avatar&size=small&id=5774fc18803ee6489&t=1509612451394 [] []
[2017-11-02 11:47:01] Espo.ERROR: Uncaught Exception Slim\Exception\Stop: "" at /var/www/html/marketing/vendor/slim/slim/Slim/Slim.php line 1022 {"exception":"[object] (Slim\\Exception\\Stop(code: 0):  at /var/www/html/marketing/vendor/slim/slim/Slim/Slim.php:1022)"} []
[2017-11-02 11:48:37] Espo.ERROR: API [GET]:.*, Params:Array ( ) , InputData:  -  [] []
[2017-11-02 11:48:37] Espo.ERROR: Display Error: , Code: 404 URL: /?entryPoint=avatar&size=small&id=5774fc18803ee6489&t=1509612451394 [] []
[2017-11-02 11:48:37] Espo.ERROR: Uncaught Exception Slim\Exception\Stop: "" at /var/www/html/marketing/vendor/slim/slim/Slim/Slim.php line 1022 {"exception":"[object] (Slim\\Exception\\Stop(code: 0):  at /var/www/html/marketing/vendor/slim/slim/Slim/Slim.php:1022)"} []
[2017-11-02 11:49:55] Espo.ERROR: API [GET]:.*, Params:Array ( ) , InputData:  -  [] []
[2017-11-02 11:49:55] Espo.ERROR: Display Error: , Code: 404 URL: /?entryPoint=avatar&size=small&id=5774fc18803ee6489&t=1509612451394 [] []
[2017-11-02 11:49:55] Espo.ERROR: Uncaught Exception Slim\Exception\Stop: "" at /var/www/html/marketing/vendor/slim/slim/Slim/Slim.php line 1022 {"exception":"[object] (Slim\\Exception\\Stop(code: 0):  at /var/www/html/marketing/vendor/slim/slim/Slim/Slim.php:1022)"} []
[2017-11-02 11:50:53] Espo.ERROR: API [GET]:.*, Params:Array ( ) , InputData:  -  [] []
[2017-11-02 11:50:53] Espo.ERROR: Display Error: , Code: 404 URL: /?entryPoint=avatar&size=small&id=5774fc18803ee6489&t=1509612451394 [] []
[2017-11-02 11:50:53] Espo.ERROR: Uncaught Exception Slim\Exception\Stop: "" at /var/www/html/marketing/vendor/slim/slim/Slim/Slim.php line 1022 {"exception":"[object] (Slim\\Exception\\Stop(code: 0):  at /var/www/html/marketing/vendor/slim/slim/Slim/Slim.php:1022)"} []
[2017-11-02 11:52:35] Espo.ERROR: API [GET]:.*, Params:Array ( ) , InputData:  -  [] []
[2017-11-02 11:52:35] Espo.ERROR: Display Error: , Code: 404 URL: /?entryPoint=avatar&size=small&id=5774fc18803ee6489&t=1509612451394 [] []
[2017-11-02 11:52:35] Espo.ERROR: Uncaught Exception Slim\Exception\Stop: "" at /var/www/html/marketing/vendor/slim/slim/Slim/Slim.php line 1022 {"exception":"[object] (Slim\\Exception\\Stop(code: 0):  at /var/www/html/marketing/vendor/slim/slim/Slim/Slim.php:1022)"} []
[2017-11-02 11:53:45] Espo.ERROR: API [GET]:.*, Params:Array ( ) , InputData:  -  [] []
[2017-11-02 11:53:45] Espo.ERROR: Display Error: , Code: 404 URL: /?entryPoint=avatar&size=small&id=5774fc18803ee6489&t=1509612451394 [] []
[2017-11-02 11:53:45] Espo.ERROR: Uncaught Exception Slim\Exception\Stop: "" at /var/www/html/marketing/vendor/slim/slim/Slim/Slim.php line 1022 {"exception":"[object] (Slim\\Exception\\Stop(code: 0):  at /var/www/html/marketing/vendor/slim/slim/Slim/Slim.php:1022)"} []
[2017-11-02 11:54:54] Espo.ERROR: API [GET]:.*, Params:Array ( ) , InputData:  -  [] []
[2017-11-02 11:54:54] Espo.ERROR: Display Error: , Code: 404 URL: /?entryPoint=avatar&size=small&id=5774fc18803ee6489&t=1509612451394 [] []
[2017-11-02 11:54:54] Espo.ERROR: Uncaught Exception Slim\Exception\Stop: "" at /var/www/html/marketing/vendor/slim/slim/Slim/Slim.php line 1022 {"exception":"[object] (Slim\\Exception\\Stop(code: 0):  at /var/www/html/marketing/vendor/slim/slim/Slim/Slim.php:1022)"} []
[2017-11-02 11:56:48] Espo.ERROR: API [GET]:.*, Params:Array ( ) , InputData:  -  [] []
[2017-11-02 11:56:48] Espo.ERROR: Display Error: , Code: 404 URL: /?entryPoint=avatar&size=small&id=5774fc18803ee6489&t=1509612451394 [] []
[2017-11-02 11:56:48] Espo.ERROR: Uncaught Exception Slim\Exception\Stop: "" at /var/www/html/marketing/vendor/slim/slim/Slim/Slim.php line 1022 {"exception":"[object] (Slim\\Exception\\Stop(code: 0):  at /var/www/html/marketing/vendor/slim/slim/Slim/Slim.php:1022)"} []
[2017-11-02 11:58:23] Espo.ERROR: API [GET]:.*, Params:Array ( ) , InputData:  -  [] []
[2017-11-02 11:58:23] Espo.ERROR: Display Error: , Code: 404 URL: /?entryPoint=avatar&size=small&id=5774fc18803ee6489&t=1509612451394 [] []
[2017-11-02 11:58:23] Espo.ERROR: Uncaught Exception Slim\Exception\Stop: "" at /var/www/html/marketing/vendor/slim/slim/Slim/Slim.php line 1022 {"exception":"[object] (Slim\\Exception\\Stop(code: 0):  at /var/www/html/marketing/vendor/slim/slim/Slim/Slim.php:1022)"} []
[2017-11-02 12:00:10] Espo.ERROR: API [GET]:.*, Params:Array ( ) , InputData:  -  [] []
[2017-11-02 12:00:10] Espo.ERROR: Display Error: , Code: 404 URL: /?entryPoint=avatar&size=small&id=5774fc18803ee6489&t=1509612451394 [] []
[2017-11-02 12:00:10] Espo.ERROR: Uncaught Exception Slim\Exception\Stop: "" at /var/www/html/marketing/vendor/slim/slim/Slim/Slim.php line 1022 {"exception":"[object] (Slim\\Exception\\Stop(code: 0):  at /var/www/html/marketing/vendor/slim/slim/Slim/Slim.php:1022)"} []
[2017-11-02 12:09:28] Espo.ERROR: API [GET]:.*, Params:Array ( ) , InputData:  -  [] []
[2017-11-02 12:09:28] Espo.ERROR: Display Error: , Code: 404 URL: /?entryPoint=avatar&size=small&id=5774fc18803ee6489&t=1509612451394 [] []
[2017-11-02 12:09:28] Espo.ERROR: Uncaught Exception Slim\Exception\Stop: "" at /var/www/html/marketing/vendor/slim/slim/Slim/Slim.php line 1022 {"exception":"[object] (Slim\\Exception\\Stop(code: 0):  at /var/www/html/marketing/vendor/slim/slim/Slim/Slim.php:1022)"} []
[2017-11-02 13:34:24] Espo.ERROR: API [GET]:.*, Params:Array ( ) , InputData:  -  [] []
[2017-11-02 13:34:24] Espo.ERROR: Display Error: , Code: 404 URL: /?entryPoint=avatar&size=small&id=5774fc18803ee6489&t=1509621211281 [] []
[2017-11-02 13:34:24] Espo.ERROR: Uncaught Exception Slim\Exception\Stop: "" at /var/www/html/marketing/vendor/slim/slim/Slim/Slim.php line 1022 {"exception":"[object] (Slim\\Exception\\Stop(code: 0):  at /var/www/html/marketing/vendor/slim/slim/Slim/Slim.php:1022)"} []
