[2017-10-31 05:56:29] Espo.ERROR: API [GET]:/:controller/:id, Params:Array (     [controller] => Email     [id] => 57c6b65b850e1d590 ) , InputData:  -  [] []
[2017-10-31 05:56:29] Espo.ERROR: Display Error: , Code: 403 URL: /api/v1/Email/57c6b65b850e1d590 [] []
[2017-10-31 05:56:35] Espo.ERROR: API [GET]:/:controller/:id, Params:Array (     [controller] => Email     [id] => 57c6b65b850e1d590 ) , InputData:  -  [] []
[2017-10-31 05:56:35] Espo.ERROR: Display Error: , Code: 403 URL: /api/v1/Email/57c6b65b850e1d590 [] []
[2017-10-31 07:58:36] Espo.ERROR: API [GET]:/:portalId/Activities, Params:Array (     [portalId] => 59f82a9b10fabeeb1 ) , InputData:  -  [] []
[2017-10-31 07:58:36] Espo.ERROR: Display Error: , Code: 403 URL: /api/v1/portal-access/59f82a9b10fabeeb1/Activities?from=2017-10-28%2023:00&to=2017-11-05%2000:00&scopeList=Meeting%2CCall%2CTask [] []
[2017-10-31 07:59:12] Espo.ERROR: API [GET]:/:portalId/Activities, Params:Array (     [portalId] => 59f82a9b10fabeeb1 ) , InputData:  -  [] []
[2017-10-31 07:59:12] Espo.ERROR: Display Error: , Code: 403 URL: /api/v1/portal-access/59f82a9b10fabeeb1/Activities?from=2017-10-28%2023:00&to=2017-11-05%2000:00&scopeList=Meeting%2CCall%2CTask [] []
[2017-10-31 08:00:46] Espo.ERROR: API [GET]:.*, Params:Array ( ) , InputData:  -  [] []
[2017-10-31 08:00:46] Espo.ERROR: Display Error: , Code: 404 URL: /portal/zpro/ [] []
[2017-10-31 08:00:46] Espo.ERROR: Uncaught Exception Slim\Exception\Stop: "" at /var/www/html/marketing/vendor/slim/slim/Slim/Slim.php line 1022 {"exception":"[object] (Slim\\Exception\\Stop(code: 0):  at /var/www/html/marketing/vendor/slim/slim/Slim/Slim.php:1022)"} []
[2017-10-31 08:00:51] Espo.ERROR: API [GET]:.*, Params:Array ( ) , InputData:  -  [] []
[2017-10-31 08:00:51] Espo.ERROR: Display Error: , Code: 404 URL: /portal/zpro/ [] []
[2017-10-31 08:00:51] Espo.ERROR: Uncaught Exception Slim\Exception\Stop: "" at /var/www/html/marketing/vendor/slim/slim/Slim/Slim.php line 1022 {"exception":"[object] (Slim\\Exception\\Stop(code: 0):  at /var/www/html/marketing/vendor/slim/slim/Slim/Slim.php:1022)"} []
[2017-10-31 08:03:02] Espo.ERROR: API [GET]:/:portalId/Activities, Params:Array (     [portalId] => 59f82a9b10fabeeb1 ) , InputData:  -  [] []
[2017-10-31 08:03:02] Espo.ERROR: Display Error: , Code: 403 URL: /api/v1/portal-access/59f82a9b10fabeeb1/Activities?from=2017-10-28%2023:00&to=2017-11-05%2000:00&scopeList=Meeting%2CCall%2CTask [] []
[2017-10-31 08:03:30] Espo.ERROR: API [GET]:/:portalId/Activities, Params:Array (     [portalId] => 59f82a9b10fabeeb1 ) , InputData:  -  [] []
[2017-10-31 08:03:30] Espo.ERROR: Display Error: , Code: 403 URL: /api/v1/portal-access/59f82a9b10fabeeb1/Activities?from=2017-10-28%2023:00&to=2017-11-05%2000:00&scopeList=Meeting%2CCall%2CTask [] []
[2017-10-31 08:04:00] Espo.ERROR: API [GET]:/:portalId/Activities, Params:Array (     [portalId] => 59f82a9b10fabeeb1 ) , InputData:  -  [] []
[2017-10-31 08:04:00] Espo.ERROR: Display Error: , Code: 403 URL: /api/v1/portal-access/59f82a9b10fabeeb1/Activities?from=2017-10-28%2023:00&to=2017-11-05%2000:00&scopeList=Meeting%2CCall%2CTask [] []
[2017-10-31 08:04:30] Espo.ERROR: API [GET]:/:portalId/Activities, Params:Array (     [portalId] => 59f82a9b10fabeeb1 ) , InputData:  -  [] []
[2017-10-31 08:04:30] Espo.ERROR: Display Error: , Code: 403 URL: /api/v1/portal-access/59f82a9b10fabeeb1/Activities?from=2017-10-28%2023:00&to=2017-11-05%2000:00&scopeList=Meeting%2CCall%2CTask [] []
[2017-10-31 08:04:35] Espo.ERROR: API [GET]:/:portalId/Activities, Params:Array (     [portalId] => 59f82a9b10fabeeb1 ) , InputData:  -  [] []
[2017-10-31 08:04:35] Espo.ERROR: Display Error: , Code: 403 URL: /api/v1/portal-access/59f82a9b10fabeeb1/Activities?from=2017-10-28%2023:00&to=2017-11-05%2000:00&scopeList=Meeting%2CCall%2CTask [] []
[2017-10-31 08:11:17] Espo.ERROR: API [GET]:/:portalId/Activities, Params:Array (     [portalId] => 59f82a9b10fabeeb1 ) , InputData:  -  [] []
[2017-10-31 08:11:17] Espo.ERROR: Display Error: , Code: 403 URL: /api/v1/portal-access/59f82a9b10fabeeb1/Activities?from=2017-10-28%2023:00&to=2017-11-05%2000:00&scopeList=Meeting%2CCall%2CTask [] []
[2017-10-31 08:11:27] Espo.ERROR: API [GET]:/:portalId/Activities, Params:Array (     [portalId] => 59f82a9b10fabeeb1 ) , InputData:  -  [] []
[2017-10-31 08:11:27] Espo.ERROR: Display Error: , Code: 403 URL: /api/v1/portal-access/59f82a9b10fabeeb1/Activities?from=2017-10-28%2023:00&to=2017-11-05%2000:00&scopeList=Meeting%2CCall%2CTask [] []
[2017-10-31 08:11:57] Espo.ERROR: API [GET]:/:portalId/Activities, Params:Array (     [portalId] => 59f82a9b10fabeeb1 ) , InputData:  -  [] []
[2017-10-31 08:11:57] Espo.ERROR: Display Error: , Code: 403 URL: /api/v1/portal-access/59f82a9b10fabeeb1/Activities?from=2017-10-28%2023:00&to=2017-11-05%2000:00&scopeList=Meeting%2CCall%2CTask [] []
[2017-10-31 08:12:18] Espo.ERROR: API [GET]:/:portalId/Activities, Params:Array (     [portalId] => 59f82a9b10fabeeb1 ) , InputData:  -  [] []
[2017-10-31 08:12:18] Espo.ERROR: Display Error: , Code: 403 URL: /api/v1/portal-access/59f82a9b10fabeeb1/Activities?from=2017-10-28%2023:00&to=2017-11-05%2000:00&scopeList=Meeting%2CCall%2CTask [] []
[2017-10-31 08:12:34] Espo.ERROR: API [GET]:/:portalId/Activities, Params:Array (     [portalId] => 59f82a9b10fabeeb1 ) , InputData:  -  [] []
[2017-10-31 08:12:34] Espo.ERROR: Display Error: , Code: 403 URL: /api/v1/portal-access/59f82a9b10fabeeb1/Activities?from=2017-10-28%2023:00&to=2017-11-05%2000:00&scopeList=Meeting%2CCall%2CTask [] []
[2017-10-31 08:13:04] Espo.ERROR: API [GET]:/:portalId/Activities, Params:Array (     [portalId] => 59f82a9b10fabeeb1 ) , InputData:  -  [] []
[2017-10-31 08:13:04] Espo.ERROR: Display Error: , Code: 403 URL: /api/v1/portal-access/59f82a9b10fabeeb1/Activities?from=2017-10-28%2023:00&to=2017-11-05%2000:00&scopeList=Meeting%2CCall%2CTask [] []
[2017-10-31 08:24:57] Espo.ERROR: API [POST]:/:portalId/:controller, Params:Array (     [portalId] => 59f82a9b10fabeeb1     [controller] => Account ) , InputData: {"type":"","industry":"","contactIsInactive":false,"name":"test","website":"","emailAddressData":[],"emailAddress":null,"phoneNumberData":[],"phoneNumber":null,"billingAddressCity":"","billingAddressCountry":""} - {"reason":"Duplicate","data":{"5947a9d2c3aaeb0c3":{"id":"5947a9d2c3aaeb0c3","name":"Test","deleted":false,"website":"","emailAddress":"test@test","phoneNumber":"07478125225","type":"","industry":"","sicCode":"","billingAddressStreet":"45 King William","billingAddressCity":"","billingAddressState":"","billingAddressCountry":"UK","billingAddressPostalCode":"","shippingAddressStreet":"","shippingAddressCity":"","shippingAddressState":"","shippingAddressCountry":"","shippingAddressPostalCode":"","description":"","createdAt":"2017-06-19 10:39:14","modifiedAt":"2017-06-19 10:39:14","campaignId":null,"createdById":"5774fc18803ee6489","createdByName":"Zahid Ali","modifiedById":null,"modifiedByName":null,"assignedUserId":"5774fc18803ee6489","assignedUserName":"Zahid Ali"}}} [] []
[2017-10-31 08:24:57] Espo.ERROR: Display Error: {"reason":"Duplicate","data":{"5947a9d2c3aaeb0c3":{"id":"5947a9d2c3aaeb0c3","name":"Test","deleted":false,"website":"","emailAddress":"test@test","phoneNumber":"07478125225","type":"","industry":"","sicCode":"","billingAddressStreet":"45 King William","billingAddressCity":"","billingAddressState":"","billingAddressCountry":"UK","billingAddressPostalCode":"","shippingAddressStreet":"","shippingAddressCity":"","shippingAddressState":"","shippingAddressCountry":"","shippingAddressPostalCode":"","description":"","createdAt":"2017-06-19 10:39:14","modifiedAt":"2017-06-19 10:39:14","campaignId":null,"createdById":"5774fc18803ee6489","createdByName":"Zahid Ali","modifiedById":null,"modifiedByName":null,"assignedUserId":"5774fc18803ee6489","assignedUserName":"Zahid Ali"}}}, Code: 409 URL: /api/v1/portal-access/59f82a9b10fabeeb1/Account [] []
[2017-10-31 10:32:44] Espo.ERROR: API [GET]:.*, Params:Array ( ) , InputData:  -  [] []
[2017-10-31 10:32:44] Espo.ERROR: Display Error: , Code: 404 URL: /?entryPoint=avatar&size=small&id=5774fc18803ee6489&t=1509371007111 [] []
[2017-10-31 10:32:44] Espo.ERROR: Uncaught Exception Slim\Exception\Stop: "" at /var/www/html/marketing/vendor/slim/slim/Slim/Slim.php line 1022 {"exception":"[object] (Slim\\Exception\\Stop(code: 0):  at /var/www/html/marketing/vendor/slim/slim/Slim/Slim.php:1022)"} []
[2017-10-31 10:41:27] Espo.ERROR: CronManager: Failed job running, job [59f851d53d272021f]. Error Details: Job CheckEmailAccounts 59f1fe751ed2a08c1: [0] cannot read - connection closed? [] []
[2017-10-31 10:41:31] Espo.ERROR: CronManager: empty Job entity [59f852c5d1a855811]. [] []
[2017-10-31 10:41:46] Espo.ERROR: API [GET]:.*, Params:Array ( ) , InputData:  -  [] []
[2017-10-31 10:41:46] Espo.ERROR: Display Error: , Code: 404 URL: /?entryPoint=avatar&size=small&id=5774fc18803ee6489&t=1509370874469 [] []
[2017-10-31 10:41:46] Espo.ERROR: Uncaught Exception Slim\Exception\Stop: "" at /var/www/html/marketing/vendor/slim/slim/Slim/Slim.php line 1022 {"exception":"[object] (Slim\\Exception\\Stop(code: 0):  at /var/www/html/marketing/vendor/slim/slim/Slim/Slim.php:1022)"} []
[2017-10-31 10:47:03] Espo.ERROR: API [GET]:.*, Params:Array ( ) , InputData:  -  [] []
[2017-10-31 10:47:03] Espo.ERROR: Display Error: , Code: 404 URL: /?entryPoint=avatar&size=small&id=5774fc18803ee6489&t=1509371007111 [] []
[2017-10-31 10:47:03] Espo.ERROR: Uncaught Exception Slim\Exception\Stop: "" at /var/www/html/marketing/vendor/slim/slim/Slim/Slim.php line 1022 {"exception":"[object] (Slim\\Exception\\Stop(code: 0):  at /var/www/html/marketing/vendor/slim/slim/Slim/Slim.php:1022)"} []
[2017-10-31 11:11:30] Espo.ERROR: Could not store sent email (Email Account 59f1fe751ed2a08c1): cannot connect to host ; error = fsockopen(): unable to connect to ssl://outlook.office365.com:993 (Unknown error) (errno = 0 ) [] []
[2017-10-31 11:16:39] Espo.ERROR: API [GET]:.*, Params:Array ( ) , InputData:  -  [] []
[2017-10-31 11:16:39] Espo.ERROR: Display Error: , Code: 404 URL: /?entryPoint=avatar&size=small&id=5774fc18803ee6489&t=1509371007111 [] []
[2017-10-31 11:16:39] Espo.ERROR: Uncaught Exception Slim\Exception\Stop: "" at /var/www/html/marketing/vendor/slim/slim/Slim/Slim.php line 1022 {"exception":"[object] (Slim\\Exception\\Stop(code: 0):  at /var/www/html/marketing/vendor/slim/slim/Slim/Slim.php:1022)"} []
