[2017-11-03 05:36:41] Espo.ERROR: API [GET]:.*, Params:Array ( ) , InputData:  -  [] []
[2017-11-03 05:36:41] Espo.ERROR: Display Error: , Code: 404 URL: /?entryPoint=avatar&size=small&id=5774fc18803ee6489&t=1509612451394 [] []
[2017-11-03 05:36:41] Espo.ERROR: Uncaught Exception Slim\Exception\Stop: "" at /var/www/html/marketing/vendor/slim/slim/Slim/Slim.php line 1022 {"exception":"[object] (Slim\\Exception\\Stop(code: 0):  at /var/www/html/marketing/vendor/slim/slim/Slim/Slim.php:1022)"} []
[2017-11-03 05:39:06] Espo.ERROR: API [GET]:.*, Params:Array ( ) , InputData:  -  [] []
[2017-11-03 05:39:06] Espo.ERROR: Display Error: , Code: 404 URL: /?entryPoint=avatar&size=small&id=5774fc18803ee6489&t=1509612451394 [] []
[2017-11-03 05:39:06] Espo.ERROR: Uncaught Exception Slim\Exception\Stop: "" at /var/www/html/marketing/vendor/slim/slim/Slim/Slim.php line 1022 {"exception":"[object] (Slim\\Exception\\Stop(code: 0):  at /var/www/html/marketing/vendor/slim/slim/Slim/Slim.php:1022)"} []
[2017-11-03 05:52:35] Espo.ERROR: API [GET]:.*, Params:Array ( ) , InputData:  -  [] []
[2017-11-03 05:52:35] Espo.ERROR: Display Error: , Code: 404 URL: /?entryPoint=avatar&size=small&id=5774fc18803ee6489&t=1509612451394 [] []
[2017-11-03 05:52:35] Espo.ERROR: Uncaught Exception Slim\Exception\Stop: "" at /var/www/html/marketing/vendor/slim/slim/Slim/Slim.php line 1022 {"exception":"[object] (Slim\\Exception\\Stop(code: 0):  at /var/www/html/marketing/vendor/slim/slim/Slim/Slim.php:1022)"} []
[2017-11-03 05:54:27] Espo.ERROR: API [GET]:.*, Params:Array ( ) , InputData:  -  [] []
[2017-11-03 05:54:27] Espo.ERROR: Display Error: , Code: 404 URL: /?entryPoint=avatar&size=small&id=5774fc18803ee6489&t=1509612451394 [] []
[2017-11-03 05:54:27] Espo.ERROR: Uncaught Exception Slim\Exception\Stop: "" at /var/www/html/marketing/vendor/slim/slim/Slim/Slim.php line 1022 {"exception":"[object] (Slim\\Exception\\Stop(code: 0):  at /var/www/html/marketing/vendor/slim/slim/Slim/Slim.php:1022)"} []
[2017-11-03 05:55:01] Espo.ERROR: API [GET]:.*, Params:Array ( ) , InputData:  -  [] []
[2017-11-03 05:55:01] Espo.ERROR: Display Error: , Code: 404 URL: /?entryPoint=avatar&size=small&id=5774fc18803ee6489&t=1509612451394 [] []
[2017-11-03 05:55:01] Espo.ERROR: Uncaught Exception Slim\Exception\Stop: "" at /var/www/html/marketing/vendor/slim/slim/Slim/Slim.php line 1022 {"exception":"[object] (Slim\\Exception\\Stop(code: 0):  at /var/www/html/marketing/vendor/slim/slim/Slim/Slim.php:1022)"} []
[2017-11-03 05:58:56] Espo.ERROR: API [GET]:.*, Params:Array ( ) , InputData:  -  [] []
[2017-11-03 05:58:56] Espo.ERROR: Display Error: , Code: 404 URL: /?entryPoint=avatar&size=small&id=5774fc18803ee6489&t=1509612451394 [] []
[2017-11-03 05:58:56] Espo.ERROR: Uncaught Exception Slim\Exception\Stop: "" at /var/www/html/marketing/vendor/slim/slim/Slim/Slim.php line 1022 {"exception":"[object] (Slim\\Exception\\Stop(code: 0):  at /var/www/html/marketing/vendor/slim/slim/Slim/Slim.php:1022)"} []
[2017-11-03 05:59:06] Espo.ERROR: API [GET]:.*, Params:Array ( ) , InputData:  -  [] []
[2017-11-03 05:59:06] Espo.ERROR: Display Error: , Code: 404 URL: /?entryPoint=avatar&size=small&id=5774fc18803ee6489&t=1509612451394 [] []
[2017-11-03 05:59:06] Espo.ERROR: Uncaught Exception Slim\Exception\Stop: "" at /var/www/html/marketing/vendor/slim/slim/Slim/Slim.php line 1022 {"exception":"[object] (Slim\\Exception\\Stop(code: 0):  at /var/www/html/marketing/vendor/slim/slim/Slim/Slim.php:1022)"} []
[2017-11-03 06:03:54] Espo.ERROR: API [GET]:.*, Params:Array ( ) , InputData:  -  [] []
[2017-11-03 06:03:54] Espo.ERROR: Display Error: , Code: 404 URL: /?entryPoint=avatar&size=small&id=5774fc18803ee6489&t=1509612451394 [] []
[2017-11-03 06:03:54] Espo.ERROR: Uncaught Exception Slim\Exception\Stop: "" at /var/www/html/marketing/vendor/slim/slim/Slim/Slim.php line 1022 {"exception":"[object] (Slim\\Exception\\Stop(code: 0):  at /var/www/html/marketing/vendor/slim/slim/Slim/Slim.php:1022)"} []
[2017-11-03 06:06:11] Espo.ERROR: API [GET]:.*, Params:Array ( ) , InputData:  -  [] []
[2017-11-03 06:06:11] Espo.ERROR: Display Error: , Code: 404 URL: /?entryPoint=avatar&size=small&id=5774fc18803ee6489&t=1509612451394 [] []
[2017-11-03 06:06:11] Espo.ERROR: Uncaught Exception Slim\Exception\Stop: "" at /var/www/html/marketing/vendor/slim/slim/Slim/Slim.php line 1022 {"exception":"[object] (Slim\\Exception\\Stop(code: 0):  at /var/www/html/marketing/vendor/slim/slim/Slim/Slim.php:1022)"} []
[2017-11-03 06:07:44] Espo.ERROR: API [GET]:.*, Params:Array ( ) , InputData:  -  [] []
[2017-11-03 06:07:44] Espo.ERROR: Display Error: , Code: 404 URL: /?entryPoint=avatar&size=small&id=5774fc18803ee6489&t=1509612451394 [] []
[2017-11-03 06:07:44] Espo.ERROR: Uncaught Exception Slim\Exception\Stop: "" at /var/www/html/marketing/vendor/slim/slim/Slim/Slim.php line 1022 {"exception":"[object] (Slim\\Exception\\Stop(code: 0):  at /var/www/html/marketing/vendor/slim/slim/Slim/Slim.php:1022)"} []
[2017-11-03 06:17:33] Espo.ERROR: API [GET]:.*, Params:Array ( ) , InputData:  -  [] []
[2017-11-03 06:17:33] Espo.ERROR: Display Error: , Code: 404 URL: /?entryPoint=avatar&size=small&id=5774fc18803ee6489&t=1509612451394 [] []
[2017-11-03 06:17:33] Espo.ERROR: Uncaught Exception Slim\Exception\Stop: "" at /var/www/html/marketing/vendor/slim/slim/Slim/Slim.php line 1022 {"exception":"[object] (Slim\\Exception\\Stop(code: 0):  at /var/www/html/marketing/vendor/slim/slim/Slim/Slim.php:1022)"} []
[2017-11-03 06:21:00] Espo.ERROR: API [GET]:.*, Params:Array ( ) , InputData:  -  [] []
[2017-11-03 06:21:00] Espo.ERROR: Display Error: , Code: 404 URL: /?entryPoint=avatar&size=small&id=5774fc18803ee6489&t=1509612451394 [] []
[2017-11-03 06:21:00] Espo.ERROR: Uncaught Exception Slim\Exception\Stop: "" at /var/www/html/marketing/vendor/slim/slim/Slim/Slim.php line 1022 {"exception":"[object] (Slim\\Exception\\Stop(code: 0):  at /var/www/html/marketing/vendor/slim/slim/Slim/Slim.php:1022)"} []
[2017-11-03 06:24:00] Espo.ERROR: API [GET]:.*, Params:Array ( ) , InputData:  -  [] []
[2017-11-03 06:24:00] Espo.ERROR: Display Error: , Code: 404 URL: /?entryPoint=avatar&size=small&id=5774fc18803ee6489&t=1509612451394 [] []
[2017-11-03 06:24:00] Espo.ERROR: Uncaught Exception Slim\Exception\Stop: "" at /var/www/html/marketing/vendor/slim/slim/Slim/Slim.php line 1022 {"exception":"[object] (Slim\\Exception\\Stop(code: 0):  at /var/www/html/marketing/vendor/slim/slim/Slim/Slim.php:1022)"} []
[2017-11-03 06:26:07] Espo.ERROR: API [GET]:.*, Params:Array ( ) , InputData:  -  [] []
[2017-11-03 06:26:07] Espo.ERROR: Display Error: , Code: 404 URL: /?entryPoint=avatar&size=small&id=5774fc18803ee6489&t=1509612451394 [] []
[2017-11-03 06:26:07] Espo.ERROR: Uncaught Exception Slim\Exception\Stop: "" at /var/www/html/marketing/vendor/slim/slim/Slim/Slim.php line 1022 {"exception":"[object] (Slim\\Exception\\Stop(code: 0):  at /var/www/html/marketing/vendor/slim/slim/Slim/Slim.php:1022)"} []
[2017-11-03 06:26:13] Espo.ERROR: API [GET]:.*, Params:Array ( ) , InputData:  -  [] []
[2017-11-03 06:26:13] Espo.ERROR: Display Error: , Code: 404 URL: /?entryPoint=avatar&size=small&id=5774fc18803ee6489&t=1509612451394 [] []
[2017-11-03 06:26:13] Espo.ERROR: Uncaught Exception Slim\Exception\Stop: "" at /var/www/html/marketing/vendor/slim/slim/Slim/Slim.php line 1022 {"exception":"[object] (Slim\\Exception\\Stop(code: 0):  at /var/www/html/marketing/vendor/slim/slim/Slim/Slim.php:1022)"} []
[2017-11-03 06:28:11] Espo.ERROR: API [GET]:.*, Params:Array ( ) , InputData:  -  [] []
[2017-11-03 06:28:11] Espo.ERROR: Display Error: , Code: 404 URL: /?entryPoint=avatar&size=small&id=5774fc18803ee6489&t=1509612451394 [] []
[2017-11-03 06:28:11] Espo.ERROR: Uncaught Exception Slim\Exception\Stop: "" at /var/www/html/marketing/vendor/slim/slim/Slim/Slim.php line 1022 {"exception":"[object] (Slim\\Exception\\Stop(code: 0):  at /var/www/html/marketing/vendor/slim/slim/Slim/Slim.php:1022)"} []
[2017-11-03 06:41:08] Espo.ERROR: CronManager: Failed job running, job [59fc0e15ade108682]. Error Details: Job CheckEmailAccounts 59f1fe751ed2a08c1: [0] cannot read - connection closed? [] []
[2017-11-03 06:41:11] Espo.ERROR: CronManager: empty Job entity [59fc0f05d5afd58a7]. [] []
[2017-11-03 06:52:45] Espo.ERROR: API [GET]:.*, Params:Array ( ) , InputData:  -  [] []
[2017-11-03 06:52:45] Espo.ERROR: Display Error: , Code: 404 URL: /?entryPoint=avatar&size=small&id=5774fc18803ee6489&t=1509612451394 [] []
[2017-11-03 06:52:45] Espo.ERROR: Uncaught Exception Slim\Exception\Stop: "" at /var/www/html/marketing/vendor/slim/slim/Slim/Slim.php line 1022 {"exception":"[object] (Slim\\Exception\\Stop(code: 0):  at /var/www/html/marketing/vendor/slim/slim/Slim/Slim.php:1022)"} []
[2017-11-03 06:54:43] Espo.ERROR: API [GET]:.*, Params:Array ( ) , InputData:  -  [] []
[2017-11-03 06:54:43] Espo.ERROR: Display Error: , Code: 404 URL: /?entryPoint=avatar&size=small&id=5774fc18803ee6489&t=1509612451394 [] []
[2017-11-03 06:54:43] Espo.ERROR: Uncaught Exception Slim\Exception\Stop: "" at /var/www/html/marketing/vendor/slim/slim/Slim/Slim.php line 1022 {"exception":"[object] (Slim\\Exception\\Stop(code: 0):  at /var/www/html/marketing/vendor/slim/slim/Slim/Slim.php:1022)"} []
[2017-11-03 06:56:13] Espo.ERROR: API [GET]:.*, Params:Array ( ) , InputData:  -  [] []
[2017-11-03 06:56:13] Espo.ERROR: Display Error: , Code: 404 URL: /?entryPoint=avatar&size=small&id=5774fc18803ee6489&t=1509612451394 [] []
[2017-11-03 06:56:13] Espo.ERROR: Uncaught Exception Slim\Exception\Stop: "" at /var/www/html/marketing/vendor/slim/slim/Slim/Slim.php line 1022 {"exception":"[object] (Slim\\Exception\\Stop(code: 0):  at /var/www/html/marketing/vendor/slim/slim/Slim/Slim.php:1022)"} []
[2017-11-03 06:57:55] Espo.ERROR: API [GET]:.*, Params:Array ( ) , InputData:  -  [] []
[2017-11-03 06:57:55] Espo.ERROR: Display Error: , Code: 404 URL: /?entryPoint=avatar&size=small&id=5774fc18803ee6489&t=1509612451394 [] []
[2017-11-03 06:57:55] Espo.ERROR: Uncaught Exception Slim\Exception\Stop: "" at /var/www/html/marketing/vendor/slim/slim/Slim/Slim.php line 1022 {"exception":"[object] (Slim\\Exception\\Stop(code: 0):  at /var/www/html/marketing/vendor/slim/slim/Slim/Slim.php:1022)"} []
[2017-11-03 07:03:24] Espo.ERROR: API [GET]:.*, Params:Array ( ) , InputData:  -  [] []
[2017-11-03 07:03:24] Espo.ERROR: Display Error: , Code: 404 URL: /?entryPoint=avatar&size=small&id=5774fc18803ee6489&t=1509612451394 [] []
[2017-11-03 07:03:24] Espo.ERROR: Uncaught Exception Slim\Exception\Stop: "" at /var/www/html/marketing/vendor/slim/slim/Slim/Slim.php line 1022 {"exception":"[object] (Slim\\Exception\\Stop(code: 0):  at /var/www/html/marketing/vendor/slim/slim/Slim/Slim.php:1022)"} []
[2017-11-03 07:04:59] Espo.ERROR: API [GET]:.*, Params:Array ( ) , InputData:  -  [] []
[2017-11-03 07:04:59] Espo.ERROR: Display Error: , Code: 404 URL: /?entryPoint=avatar&size=small&id=5774fc18803ee6489&t=1509612451394 [] []
[2017-11-03 07:04:59] Espo.ERROR: Uncaught Exception Slim\Exception\Stop: "" at /var/www/html/marketing/vendor/slim/slim/Slim/Slim.php line 1022 {"exception":"[object] (Slim\\Exception\\Stop(code: 0):  at /var/www/html/marketing/vendor/slim/slim/Slim/Slim.php:1022)"} []
[2017-11-03 07:05:00] Espo.ERROR: API [GET]:.*, Params:Array ( ) , InputData:  -  [] []
[2017-11-03 07:05:00] Espo.ERROR: Display Error: , Code: 404 URL: /?entryPoint=avatar&size=small&id=5774fc18803ee6489&t=1509612451394 [] []
[2017-11-03 07:05:00] Espo.ERROR: Uncaught Exception Slim\Exception\Stop: "" at /var/www/html/marketing/vendor/slim/slim/Slim/Slim.php line 1022 {"exception":"[object] (Slim\\Exception\\Stop(code: 0):  at /var/www/html/marketing/vendor/slim/slim/Slim/Slim.php:1022)"} []
[2017-11-03 07:16:12] Espo.ERROR: API [GET]:.*, Params:Array ( ) , InputData:  -  [] []
[2017-11-03 07:16:12] Espo.ERROR: Display Error: , Code: 404 URL: /?entryPoint=avatar&size=small&id=5774fc18803ee6489&t=1509612451394 [] []
[2017-11-03 07:16:12] Espo.ERROR: Uncaught Exception Slim\Exception\Stop: "" at /var/www/html/marketing/vendor/slim/slim/Slim/Slim.php line 1022 {"exception":"[object] (Slim\\Exception\\Stop(code: 0):  at /var/www/html/marketing/vendor/slim/slim/Slim/Slim.php:1022)"} []
[2017-11-03 07:17:31] Espo.ERROR: API [GET]:.*, Params:Array ( ) , InputData:  -  [] []
[2017-11-03 07:17:31] Espo.ERROR: Display Error: , Code: 404 URL: /?entryPoint=avatar&size=small&id=5774fc18803ee6489&t=1509612451394 [] []
[2017-11-03 07:17:31] Espo.ERROR: Uncaught Exception Slim\Exception\Stop: "" at /var/www/html/marketing/vendor/slim/slim/Slim/Slim.php line 1022 {"exception":"[object] (Slim\\Exception\\Stop(code: 0):  at /var/www/html/marketing/vendor/slim/slim/Slim/Slim.php:1022)"} []
[2017-11-03 07:18:32] Espo.ERROR: API [GET]:.*, Params:Array ( ) , InputData:  -  [] []
[2017-11-03 07:18:32] Espo.ERROR: Display Error: , Code: 404 URL: /?entryPoint=avatar&size=small&id=5774fc18803ee6489&t=1509612451394 [] []
[2017-11-03 07:18:32] Espo.ERROR: Uncaught Exception Slim\Exception\Stop: "" at /var/www/html/marketing/vendor/slim/slim/Slim/Slim.php line 1022 {"exception":"[object] (Slim\\Exception\\Stop(code: 0):  at /var/www/html/marketing/vendor/slim/slim/Slim/Slim.php:1022)"} []
[2017-11-03 07:20:55] Espo.ERROR: API [GET]:.*, Params:Array ( ) , InputData:  -  [] []
[2017-11-03 07:20:55] Espo.ERROR: Display Error: , Code: 404 URL: /?entryPoint=avatar&size=small&id=5774fc18803ee6489&t=1509612451394 [] []
[2017-11-03 07:20:55] Espo.ERROR: Uncaught Exception Slim\Exception\Stop: "" at /var/www/html/marketing/vendor/slim/slim/Slim/Slim.php line 1022 {"exception":"[object] (Slim\\Exception\\Stop(code: 0):  at /var/www/html/marketing/vendor/slim/slim/Slim/Slim.php:1022)"} []
[2017-11-03 07:23:06] Espo.ERROR: API [GET]:.*, Params:Array ( ) , InputData:  -  [] []
[2017-11-03 07:23:06] Espo.ERROR: Display Error: , Code: 404 URL: /?entryPoint=avatar&size=small&id=5774fc18803ee6489&t=1509612451394 [] []
[2017-11-03 07:23:06] Espo.ERROR: Uncaught Exception Slim\Exception\Stop: "" at /var/www/html/marketing/vendor/slim/slim/Slim/Slim.php line 1022 {"exception":"[object] (Slim\\Exception\\Stop(code: 0):  at /var/www/html/marketing/vendor/slim/slim/Slim/Slim.php:1022)"} []
[2017-11-03 07:25:07] Espo.ERROR: API [GET]:.*, Params:Array ( ) , InputData:  -  [] []
[2017-11-03 07:25:07] Espo.ERROR: Display Error: , Code: 404 URL: /?entryPoint=avatar&size=small&id=5774fc18803ee6489&t=1509612451394 [] []
[2017-11-03 07:25:07] Espo.ERROR: Uncaught Exception Slim\Exception\Stop: "" at /var/www/html/marketing/vendor/slim/slim/Slim/Slim.php line 1022 {"exception":"[object] (Slim\\Exception\\Stop(code: 0):  at /var/www/html/marketing/vendor/slim/slim/Slim/Slim.php:1022)"} []
[2017-11-03 07:28:29] Espo.ERROR: API [GET]:.*, Params:Array ( ) , InputData:  -  [] []
[2017-11-03 07:28:29] Espo.ERROR: Display Error: , Code: 404 URL: /?entryPoint=avatar&size=small&id=5774fc18803ee6489&t=1509612451394 [] []
[2017-11-03 07:28:29] Espo.ERROR: Uncaught Exception Slim\Exception\Stop: "" at /var/www/html/marketing/vendor/slim/slim/Slim/Slim.php line 1022 {"exception":"[object] (Slim\\Exception\\Stop(code: 0):  at /var/www/html/marketing/vendor/slim/slim/Slim/Slim.php:1022)"} []
[2017-11-03 07:29:30] Espo.ERROR: API [GET]:.*, Params:Array ( ) , InputData:  -  [] []
[2017-11-03 07:29:30] Espo.ERROR: Display Error: , Code: 404 URL: /?entryPoint=avatar&size=small&id=5774fc18803ee6489&t=1509612451394 [] []
[2017-11-03 07:29:30] Espo.ERROR: Uncaught Exception Slim\Exception\Stop: "" at /var/www/html/marketing/vendor/slim/slim/Slim/Slim.php line 1022 {"exception":"[object] (Slim\\Exception\\Stop(code: 0):  at /var/www/html/marketing/vendor/slim/slim/Slim/Slim.php:1022)"} []
[2017-11-03 07:31:51] Espo.ERROR: API [GET]:.*, Params:Array ( ) , InputData:  -  [] []
[2017-11-03 07:31:51] Espo.ERROR: Display Error: , Code: 404 URL: /?entryPoint=avatar&size=small&id=5774fc18803ee6489&t=1509612451394 [] []
[2017-11-03 07:31:51] Espo.ERROR: Uncaught Exception Slim\Exception\Stop: "" at /var/www/html/marketing/vendor/slim/slim/Slim/Slim.php line 1022 {"exception":"[object] (Slim\\Exception\\Stop(code: 0):  at /var/www/html/marketing/vendor/slim/slim/Slim/Slim.php:1022)"} []
[2017-11-03 07:31:56] Espo.ERROR: API [GET]:.*, Params:Array ( ) , InputData:  -  [] []
[2017-11-03 07:31:56] Espo.ERROR: Display Error: , Code: 404 URL: /?entryPoint=avatar&size=small&id=5774fc18803ee6489&t=1509612451394 [] []
[2017-11-03 07:31:56] Espo.ERROR: Uncaught Exception Slim\Exception\Stop: "" at /var/www/html/marketing/vendor/slim/slim/Slim/Slim.php line 1022 {"exception":"[object] (Slim\\Exception\\Stop(code: 0):  at /var/www/html/marketing/vendor/slim/slim/Slim/Slim.php:1022)"} []
[2017-11-03 08:28:25] Espo.ERROR: API [GET]:.*, Params:Array ( ) , InputData:  -  [] []
[2017-11-03 08:28:25] Espo.ERROR: Display Error: , Code: 404 URL: /?entryPoint=avatar&size=small&id=5774fc18803ee6489&t=1509697454297 [] []
[2017-11-03 08:28:25] Espo.ERROR: Uncaught Exception Slim\Exception\Stop: "" at /var/www/html/marketing/vendor/slim/slim/Slim/Slim.php line 1022 {"exception":"[object] (Slim\\Exception\\Stop(code: 0):  at /var/www/html/marketing/vendor/slim/slim/Slim/Slim.php:1022)"} []
[2017-11-03 08:29:20] Espo.ERROR: API [GET]:.*, Params:Array ( ) , InputData:  -  [] []
[2017-11-03 08:29:20] Espo.ERROR: Display Error: , Code: 404 URL: /?entryPoint=avatar&size=small&id=5774fc18803ee6489&t=1509697454297 [] []
[2017-11-03 08:29:20] Espo.ERROR: Uncaught Exception Slim\Exception\Stop: "" at /var/www/html/marketing/vendor/slim/slim/Slim/Slim.php line 1022 {"exception":"[object] (Slim\\Exception\\Stop(code: 0):  at /var/www/html/marketing/vendor/slim/slim/Slim/Slim.php:1022)"} []
[2017-11-03 08:34:06] Espo.ERROR: API [GET]:.*, Params:Array ( ) , InputData:  -  [] []
[2017-11-03 08:34:06] Espo.ERROR: Display Error: , Code: 404 URL: /?entryPoint=avatar&size=small&id=5774fc18803ee6489&t=1509697454297 [] []
[2017-11-03 08:34:06] Espo.ERROR: Uncaught Exception Slim\Exception\Stop: "" at /var/www/html/marketing/vendor/slim/slim/Slim/Slim.php line 1022 {"exception":"[object] (Slim\\Exception\\Stop(code: 0):  at /var/www/html/marketing/vendor/slim/slim/Slim/Slim.php:1022)"} []
[2017-11-03 09:13:25] Espo.ERROR: API [GET]:.*, Params:Array ( ) , InputData:  -  [] []
[2017-11-03 09:13:25] Espo.ERROR: Display Error: , Code: 404 URL: /?entryPoint=avatar&size=small&id=5774fc18803ee6489&t=1509697454297 [] []
[2017-11-03 09:13:25] Espo.ERROR: Uncaught Exception Slim\Exception\Stop: "" at /var/www/html/marketing/vendor/slim/slim/Slim/Slim.php line 1022 {"exception":"[object] (Slim\\Exception\\Stop(code: 0):  at /var/www/html/marketing/vendor/slim/slim/Slim/Slim.php:1022)"} []
[2017-11-03 10:54:52] Espo.ERROR: API [GET]:.*, Params:Array ( ) , InputData:  -  [] []
[2017-11-03 10:54:52] Espo.ERROR: Display Error: , Code: 404 URL: /?entryPoint=avatar&size=small&id=5774fc18803ee6489&t=1509697454297 [] []
[2017-11-03 10:54:52] Espo.ERROR: Uncaught Exception Slim\Exception\Stop: "" at /var/www/html/marketing/vendor/slim/slim/Slim/Slim.php line 1022 {"exception":"[object] (Slim\\Exception\\Stop(code: 0):  at /var/www/html/marketing/vendor/slim/slim/Slim/Slim.php:1022)"} []
[2017-11-03 11:22:27] Espo.ERROR: API [GET]:.*, Params:Array ( ) , InputData:  -  [] []
[2017-11-03 11:22:27] Espo.ERROR: Display Error: , Code: 404 URL: /?entryPoint=avatar&size=small&id=5774fc18803ee6489&t=1509612451394 [] []
[2017-11-03 11:22:27] Espo.ERROR: Uncaught Exception Slim\Exception\Stop: "" at /var/www/html/marketing/vendor/slim/slim/Slim/Slim.php line 1022 {"exception":"[object] (Slim\\Exception\\Stop(code: 0):  at /var/www/html/marketing/vendor/slim/slim/Slim/Slim.php:1022)"} []
[2017-11-03 11:23:38] Espo.ERROR: API [GET]:.*, Params:Array ( ) , InputData:  -  [] []
[2017-11-03 11:23:38] Espo.ERROR: Display Error: , Code: 404 URL: /?entryPoint=avatar&size=small&id=5774fc18803ee6489&t=1509612451394 [] []
[2017-11-03 11:23:38] Espo.ERROR: Uncaught Exception Slim\Exception\Stop: "" at /var/www/html/marketing/vendor/slim/slim/Slim/Slim.php line 1022 {"exception":"[object] (Slim\\Exception\\Stop(code: 0):  at /var/www/html/marketing/vendor/slim/slim/Slim/Slim.php:1022)"} []
[2017-11-03 11:25:13] Espo.ERROR: API [GET]:.*, Params:Array ( ) , InputData:  -  [] []
[2017-11-03 11:25:13] Espo.ERROR: Display Error: , Code: 404 URL: /?entryPoint=avatar&size=small&id=5774fc18803ee6489&t=1509612451394 [] []
[2017-11-03 11:25:13] Espo.ERROR: Uncaught Exception Slim\Exception\Stop: "" at /var/www/html/marketing/vendor/slim/slim/Slim/Slim.php line 1022 {"exception":"[object] (Slim\\Exception\\Stop(code: 0):  at /var/www/html/marketing/vendor/slim/slim/Slim/Slim.php:1022)"} []
[2017-11-03 11:26:37] Espo.ERROR: API [GET]:.*, Params:Array ( ) , InputData:  -  [] []
[2017-11-03 11:26:37] Espo.ERROR: Display Error: , Code: 404 URL: /?entryPoint=avatar&size=small&id=5774fc18803ee6489&t=1509612451394 [] []
[2017-11-03 11:26:37] Espo.ERROR: Uncaught Exception Slim\Exception\Stop: "" at /var/www/html/marketing/vendor/slim/slim/Slim/Slim.php line 1022 {"exception":"[object] (Slim\\Exception\\Stop(code: 0):  at /var/www/html/marketing/vendor/slim/slim/Slim/Slim.php:1022)"} []
[2017-11-03 11:27:59] Espo.ERROR: API [GET]:.*, Params:Array ( ) , InputData:  -  [] []
[2017-11-03 11:27:59] Espo.ERROR: Display Error: , Code: 404 URL: /?entryPoint=avatar&size=small&id=5774fc18803ee6489&t=1509612451394 [] []
[2017-11-03 11:27:59] Espo.ERROR: Uncaught Exception Slim\Exception\Stop: "" at /var/www/html/marketing/vendor/slim/slim/Slim/Slim.php line 1022 {"exception":"[object] (Slim\\Exception\\Stop(code: 0):  at /var/www/html/marketing/vendor/slim/slim/Slim/Slim.php:1022)"} []
[2017-11-03 11:28:31] Espo.ERROR: API [GET]:.*, Params:Array ( ) , InputData:  -  [] []
[2017-11-03 11:28:31] Espo.ERROR: Display Error: , Code: 404 URL: /?entryPoint=avatar&size=small&id=5774fc18803ee6489&t=1509612451394 [] []
[2017-11-03 11:28:31] Espo.ERROR: Uncaught Exception Slim\Exception\Stop: "" at /var/www/html/marketing/vendor/slim/slim/Slim/Slim.php line 1022 {"exception":"[object] (Slim\\Exception\\Stop(code: 0):  at /var/www/html/marketing/vendor/slim/slim/Slim/Slim.php:1022)"} []
[2017-11-03 11:31:00] Espo.ERROR: API [GET]:.*, Params:Array ( ) , InputData:  -  [] []
[2017-11-03 11:31:00] Espo.ERROR: Display Error: , Code: 404 URL: /?entryPoint=avatar&size=small&id=5774fc18803ee6489&t=1509612451394 [] []
[2017-11-03 11:31:00] Espo.ERROR: Uncaught Exception Slim\Exception\Stop: "" at /var/www/html/marketing/vendor/slim/slim/Slim/Slim.php line 1022 {"exception":"[object] (Slim\\Exception\\Stop(code: 0):  at /var/www/html/marketing/vendor/slim/slim/Slim/Slim.php:1022)"} []
[2017-11-03 11:32:43] Espo.ERROR: API [GET]:.*, Params:Array ( ) , InputData:  -  [] []
[2017-11-03 11:32:43] Espo.ERROR: Display Error: , Code: 404 URL: /?entryPoint=avatar&size=small&id=5774fc18803ee6489&t=1509697454297 [] []
[2017-11-03 11:32:43] Espo.ERROR: Uncaught Exception Slim\Exception\Stop: "" at /var/www/html/marketing/vendor/slim/slim/Slim/Slim.php line 1022 {"exception":"[object] (Slim\\Exception\\Stop(code: 0):  at /var/www/html/marketing/vendor/slim/slim/Slim/Slim.php:1022)"} []
[2017-11-03 11:32:50] Espo.ERROR: API [GET]:.*, Params:Array ( ) , InputData:  -  [] []
[2017-11-03 11:32:50] Espo.ERROR: Display Error: , Code: 404 URL: /?entryPoint=avatar&size=small&id=5774fc18803ee6489&t=1509697454297 [] []
[2017-11-03 11:32:50] Espo.ERROR: Uncaught Exception Slim\Exception\Stop: "" at /var/www/html/marketing/vendor/slim/slim/Slim/Slim.php line 1022 {"exception":"[object] (Slim\\Exception\\Stop(code: 0):  at /var/www/html/marketing/vendor/slim/slim/Slim/Slim.php:1022)"} []
[2017-11-03 11:47:43] Espo.ERROR: API [GET]:.*, Params:Array ( ) , InputData:  -  [] []
[2017-11-03 11:47:43] Espo.ERROR: Display Error: , Code: 404 URL: /?entryPoint=avatar&size=small&id=5774fc18803ee6489&t=1509612451394 [] []
[2017-11-03 11:47:43] Espo.ERROR: Uncaught Exception Slim\Exception\Stop: "" at /var/www/html/marketing/vendor/slim/slim/Slim/Slim.php line 1022 {"exception":"[object] (Slim\\Exception\\Stop(code: 0):  at /var/www/html/marketing/vendor/slim/slim/Slim/Slim.php:1022)"} []
[2017-11-03 11:49:31] Espo.ERROR: API [GET]:.*, Params:Array ( ) , InputData:  -  [] []
[2017-11-03 11:49:31] Espo.ERROR: Display Error: , Code: 404 URL: /?entryPoint=avatar&size=small&id=5774fc18803ee6489&t=1509612451394 [] []
[2017-11-03 11:49:31] Espo.ERROR: Uncaught Exception Slim\Exception\Stop: "" at /var/www/html/marketing/vendor/slim/slim/Slim/Slim.php line 1022 {"exception":"[object] (Slim\\Exception\\Stop(code: 0):  at /var/www/html/marketing/vendor/slim/slim/Slim/Slim.php:1022)"} []
[2017-11-03 11:50:39] Espo.ERROR: API [GET]:.*, Params:Array ( ) , InputData:  -  [] []
[2017-11-03 11:50:39] Espo.ERROR: Display Error: , Code: 404 URL: /?entryPoint=avatar&size=small&id=5774fc18803ee6489&t=1509697454297 [] []
[2017-11-03 11:50:39] Espo.ERROR: Uncaught Exception Slim\Exception\Stop: "" at /var/www/html/marketing/vendor/slim/slim/Slim/Slim.php line 1022 {"exception":"[object] (Slim\\Exception\\Stop(code: 0):  at /var/www/html/marketing/vendor/slim/slim/Slim/Slim.php:1022)"} []
[2017-11-03 11:52:14] Espo.ERROR: API [GET]:.*, Params:Array ( ) , InputData:  -  [] []
[2017-11-03 11:52:14] Espo.ERROR: Display Error: , Code: 404 URL: /?entryPoint=avatar&size=small&id=5774fc18803ee6489&t=1509612451394 [] []
[2017-11-03 11:52:14] Espo.ERROR: Uncaught Exception Slim\Exception\Stop: "" at /var/www/html/marketing/vendor/slim/slim/Slim/Slim.php line 1022 {"exception":"[object] (Slim\\Exception\\Stop(code: 0):  at /var/www/html/marketing/vendor/slim/slim/Slim/Slim.php:1022)"} []
[2017-11-03 11:56:01] Espo.ERROR: API [GET]:.*, Params:Array ( ) , InputData:  -  [] []
[2017-11-03 11:56:01] Espo.ERROR: Display Error: , Code: 404 URL: /?entryPoint=avatar&size=small&id=5774fc18803ee6489&t=1509612451394 [] []
[2017-11-03 11:56:01] Espo.ERROR: Uncaught Exception Slim\Exception\Stop: "" at /var/www/html/marketing/vendor/slim/slim/Slim/Slim.php line 1022 {"exception":"[object] (Slim\\Exception\\Stop(code: 0):  at /var/www/html/marketing/vendor/slim/slim/Slim/Slim.php:1022)"} []
[2017-11-03 11:59:02] Espo.ERROR: API [GET]:.*, Params:Array ( ) , InputData:  -  [] []
[2017-11-03 11:59:02] Espo.ERROR: Display Error: , Code: 404 URL: /?entryPoint=avatar&size=small&id=5774fc18803ee6489&t=1509612451394 [] []
[2017-11-03 11:59:02] Espo.ERROR: Uncaught Exception Slim\Exception\Stop: "" at /var/www/html/marketing/vendor/slim/slim/Slim/Slim.php line 1022 {"exception":"[object] (Slim\\Exception\\Stop(code: 0):  at /var/www/html/marketing/vendor/slim/slim/Slim/Slim.php:1022)"} []
[2017-11-03 11:59:38] Espo.ERROR: API [GET]:.*, Params:Array ( ) , InputData:  -  [] []
[2017-11-03 11:59:38] Espo.ERROR: Display Error: , Code: 404 URL: /?entryPoint=avatar&size=small&id=5774fc18803ee6489&t=1509612451394 [] []
[2017-11-03 11:59:38] Espo.ERROR: Uncaught Exception Slim\Exception\Stop: "" at /var/www/html/marketing/vendor/slim/slim/Slim/Slim.php line 1022 {"exception":"[object] (Slim\\Exception\\Stop(code: 0):  at /var/www/html/marketing/vendor/slim/slim/Slim/Slim.php:1022)"} []
[2017-11-03 12:13:05] Espo.ERROR: API [GET]:.*, Params:Array ( ) , InputData:  -  [] []
[2017-11-03 12:13:05] Espo.ERROR: Display Error: , Code: 404 URL: /?entryPoint=avatar&size=small&id=5774fc18803ee6489&t=1509697454297 [] []
[2017-11-03 12:13:05] Espo.ERROR: Uncaught Exception Slim\Exception\Stop: "" at /var/www/html/marketing/vendor/slim/slim/Slim/Slim.php line 1022 {"exception":"[object] (Slim\\Exception\\Stop(code: 0):  at /var/www/html/marketing/vendor/slim/slim/Slim/Slim.php:1022)"} []
[2017-11-03 12:40:13] Espo.ERROR: CronManager: Failed job running, job [59fc6275db8db4bf0]. Error Details: Job CheckEmailAccounts 59f1fe751ed2a08c1: [0] cannot login, user or password wrong [] []
[2017-11-03 14:27:25] Espo.ERROR: API [GET]:.*, Params:Array ( ) , InputData:  -  [] []
[2017-11-03 14:27:25] Espo.ERROR: Display Error: , Code: 404 URL: /?entryPoint=avatar&size=small&id=5774fc18803ee6489&t=1509697454297 [] []
[2017-11-03 14:27:25] Espo.ERROR: Uncaught Exception Slim\Exception\Stop: "" at /var/www/html/marketing/vendor/slim/slim/Slim/Slim.php line 1022 {"exception":"[object] (Slim\\Exception\\Stop(code: 0):  at /var/www/html/marketing/vendor/slim/slim/Slim/Slim.php:1022)"} []
[2017-11-03 15:54:24] Espo.ERROR: API [GET]:.*, Params:Array ( ) , InputData:  -  [] []
[2017-11-03 15:54:24] Espo.ERROR: Display Error: , Code: 404 URL: /?entryPoint=avatar&size=small&id=5774fc18803ee6489&t=1509694001234 [] []
[2017-11-03 15:54:24] Espo.ERROR: Uncaught Exception Slim\Exception\Stop: "" at /var/www/html/marketing/vendor/slim/slim/Slim/Slim.php line 1022 {"exception":"[object] (Slim\\Exception\\Stop(code: 0):  at /var/www/html/marketing/vendor/slim/slim/Slim/Slim.php:1022)"} []
[2017-11-03 15:58:48] Espo.ERROR: API [GET]:.*, Params:Array ( ) , InputData:  -  [] []
[2017-11-03 15:58:48] Espo.ERROR: Display Error: , Code: 404 URL: /?entryPoint=avatar&size=small&id=5774fc18803ee6489&t=1509697454297 [] []
[2017-11-03 15:58:48] Espo.ERROR: Uncaught Exception Slim\Exception\Stop: "" at /var/www/html/marketing/vendor/slim/slim/Slim/Slim.php line 1022 {"exception":"[object] (Slim\\Exception\\Stop(code: 0):  at /var/www/html/marketing/vendor/slim/slim/Slim/Slim.php:1022)"} []
[2017-11-03 15:59:16] Espo.ERROR: API [GET]:.*, Params:Array ( ) , InputData:  -  [] []
[2017-11-03 15:59:16] Espo.ERROR: Display Error: , Code: 404 URL: /?entryPoint=avatar&size=small&id=5774fc18803ee6489&t=1509697454297 [] []
[2017-11-03 15:59:16] Espo.ERROR: Uncaught Exception Slim\Exception\Stop: "" at /var/www/html/marketing/vendor/slim/slim/Slim/Slim.php line 1022 {"exception":"[object] (Slim\\Exception\\Stop(code: 0):  at /var/www/html/marketing/vendor/slim/slim/Slim/Slim.php:1022)"} []
[2017-11-03 16:10:03] Espo.ERROR: API [GET]:.*, Params:Array ( ) , InputData:  -  [] []
[2017-11-03 16:10:03] Espo.ERROR: Display Error: , Code: 404 URL: /?entryPoint=avatar&size=small&id=5774fc18803ee6489&t=1509694001234 [] []
[2017-11-03 16:10:03] Espo.ERROR: Uncaught Exception Slim\Exception\Stop: "" at /var/www/html/marketing/vendor/slim/slim/Slim/Slim.php line 1022 {"exception":"[object] (Slim\\Exception\\Stop(code: 0):  at /var/www/html/marketing/vendor/slim/slim/Slim/Slim.php:1022)"} []
[2017-11-03 16:41:02] Espo.ERROR: API [GET]:.*, Params:Array ( ) , InputData:  -  [] []
[2017-11-03 16:41:02] Espo.ERROR: Display Error: , Code: 404 URL: /?entryPoint=avatar&size=small&id=5774fc18803ee6489&t=1509697454297 [] []
[2017-11-03 16:41:02] Espo.ERROR: Uncaught Exception Slim\Exception\Stop: "" at /var/www/html/marketing/vendor/slim/slim/Slim/Slim.php line 1022 {"exception":"[object] (Slim\\Exception\\Stop(code: 0):  at /var/www/html/marketing/vendor/slim/slim/Slim/Slim.php:1022)"} []
[2017-11-03 22:15:15] Espo.ERROR: CronManager: Failed job running, job [59fce93991dc61509]. Error Details: Job CheckEmailAccounts 59f43d49bba1f6ef1: [0] cannot login, user or password wrong [] []
[2017-11-03 22:16:05] Espo.ERROR: CronManager: Failed job running, job [59fce93991dc61509]. Error Details: Job CheckEmailAccounts 59f43d49bba1f6ef1: [0] cannot login, user or password wrong [] []
[2017-11-03 22:17:04] Espo.ERROR: CronManager: Failed job running, job [59fce93991dc61509]. Error Details: Job CheckEmailAccounts 59f43d49bba1f6ef1: [0] cannot login, user or password wrong [] []
[2017-11-03 22:18:07] Espo.ERROR: CronManager: Failed job running, job [59fce93991dc61509]. Error Details: Job CheckEmailAccounts 59f43d49bba1f6ef1: [0] cannot login, user or password wrong [] []
[2017-11-03 22:20:09] Espo.ERROR: CronManager: Failed job running, job [59fcea653f8f7ef94]. Error Details: Job CheckEmailAccounts 59f43d49bba1f6ef1: [0] cannot login, user or password wrong [] []
[2017-11-03 22:21:04] Espo.ERROR: CronManager: Failed job running, job [59fcea653f8f7ef94]. Error Details: Job CheckEmailAccounts 59f43d49bba1f6ef1: [0] cannot login, user or password wrong [] []
[2017-11-03 22:22:06] Espo.ERROR: CronManager: Failed job running, job [59fcea653f8f7ef94]. Error Details: Job CheckEmailAccounts 59f43d49bba1f6ef1: [0] cannot login, user or password wrong [] []
[2017-11-03 22:23:04] Espo.ERROR: CronManager: Failed job running, job [59fcea653f8f7ef94]. Error Details: Job CheckEmailAccounts 59f43d49bba1f6ef1: [0] cannot login, user or password wrong [] []
[2017-11-03 22:25:09] Espo.ERROR: CronManager: Failed job running, job [59fceb91a009d476a]. Error Details: Job CheckEmailAccounts 59f43d49bba1f6ef1: [0] cannot login, user or password wrong [] []
[2017-11-03 22:26:08] Espo.ERROR: CronManager: Failed job running, job [59fceb91a009d476a]. Error Details: Job CheckEmailAccounts 59f43d49bba1f6ef1: [0] cannot login, user or password wrong [] []
[2017-11-03 22:27:04] Espo.ERROR: CronManager: Failed job running, job [59fceb91a009d476a]. Error Details: Job CheckEmailAccounts 59f43d49bba1f6ef1: [0] cannot login, user or password wrong [] []
[2017-11-03 22:28:06] Espo.ERROR: CronManager: Failed job running, job [59fceb91a009d476a]. Error Details: Job CheckEmailAccounts 59f43d49bba1f6ef1: [0] cannot login, user or password wrong [] []
[2017-11-03 22:30:12] Espo.ERROR: CronManager: Failed job running, job [59fcecbd399a90a72]. Error Details: Job CheckEmailAccounts 59f43d49bba1f6ef1: [0] cannot login, user or password wrong [] []
[2017-11-03 22:31:06] Espo.ERROR: CronManager: Failed job running, job [59fcecbd399a90a72]. Error Details: Job CheckEmailAccounts 59f43d49bba1f6ef1: [0] cannot login, user or password wrong [] []
[2017-11-03 22:32:05] Espo.ERROR: CronManager: Failed job running, job [59fcecbd399a90a72]. Error Details: Job CheckEmailAccounts 59f43d49bba1f6ef1: [0] cannot login, user or password wrong [] []
[2017-11-03 22:33:05] Espo.ERROR: CronManager: Failed job running, job [59fcecbd399a90a72]. Error Details: Job CheckEmailAccounts 59f43d49bba1f6ef1: [0] cannot login, user or password wrong [] []
[2017-11-03 22:35:12] Espo.ERROR: CronManager: Failed job running, job [59fcedea0f92d08e1]. Error Details: Job CheckEmailAccounts 59f43d49bba1f6ef1: [0] cannot login, user or password wrong [] []
[2017-11-03 22:36:04] Espo.ERROR: CronManager: Failed job running, job [59fcedea0f92d08e1]. Error Details: Job CheckEmailAccounts 59f43d49bba1f6ef1: [0] cannot login, user or password wrong [] []
[2017-11-03 22:37:06] Espo.ERROR: CronManager: Failed job running, job [59fcedea0f92d08e1]. Error Details: Job CheckEmailAccounts 59f43d49bba1f6ef1: [0] cannot login, user or password wrong [] []
[2017-11-03 22:38:06] Espo.ERROR: CronManager: Failed job running, job [59fcedea0f92d08e1]. Error Details: Job CheckEmailAccounts 59f43d49bba1f6ef1: [0] cannot login, user or password wrong [] []
[2017-11-03 22:40:08] Espo.ERROR: CronManager: Failed job running, job [59fcef161bbee18c9]. Error Details: Job CheckEmailAccounts 59f43d49bba1f6ef1: [0] cannot login, user or password wrong [] []
[2017-11-03 22:41:05] Espo.ERROR: CronManager: Failed job running, job [59fcef161bbee18c9]. Error Details: Job CheckEmailAccounts 59f43d49bba1f6ef1: [0] cannot login, user or password wrong [] []
[2017-11-03 22:42:04] Espo.ERROR: CronManager: Failed job running, job [59fcef161bbee18c9]. Error Details: Job CheckEmailAccounts 59f43d49bba1f6ef1: [0] cannot login, user or password wrong [] []
[2017-11-03 22:43:05] Espo.ERROR: CronManager: Failed job running, job [59fcef161bbee18c9]. Error Details: Job CheckEmailAccounts 59f43d49bba1f6ef1: [0] cannot login, user or password wrong [] []
[2017-11-03 22:45:11] Espo.ERROR: CronManager: Failed job running, job [59fcf04166292742d]. Error Details: Job CheckEmailAccounts 59f43d49bba1f6ef1: [0] cannot login, user or password wrong [] []
[2017-11-03 22:46:20] Espo.ERROR: CronManager: Failed job running, job [59fcf04166292742d]. Error Details: Job CheckEmailAccounts 59f43d49bba1f6ef1: [0] cannot login, user or password wrong [] []
[2017-11-03 22:47:05] Espo.ERROR: CronManager: Failed job running, job [59fcf04166292742d]. Error Details: Job CheckEmailAccounts 59f43d49bba1f6ef1: [0] cannot login, user or password wrong [] []
[2017-11-03 22:48:03] Espo.ERROR: CronManager: Failed job running, job [59fcf04166292742d]. Error Details: Job CheckEmailAccounts 59f43d49bba1f6ef1: [0] cannot login, user or password wrong [] []
[2017-11-03 22:50:20] Espo.ERROR: CronManager: Failed job running, job [59fcf16df05e89007]. Error Details: Job CheckEmailAccounts 59f43d49bba1f6ef1: [0] cannot login, user or password wrong [] []
[2017-11-03 22:51:05] Espo.ERROR: CronManager: Failed job running, job [59fcf16df05e89007]. Error Details: Job CheckEmailAccounts 59f43d49bba1f6ef1: [0] cannot login, user or password wrong [] []
[2017-11-03 22:52:04] Espo.ERROR: CronManager: Failed job running, job [59fcf16df05e89007]. Error Details: Job CheckEmailAccounts 59f43d49bba1f6ef1: [0] cannot login, user or password wrong [] []
[2017-11-03 22:53:05] Espo.ERROR: CronManager: Failed job running, job [59fcf16df05e89007]. Error Details: Job CheckEmailAccounts 59f43d49bba1f6ef1: [0] cannot login, user or password wrong [] []
[2017-11-03 22:55:13] Espo.ERROR: CronManager: Failed job running, job [59fcf29922006928c]. Error Details: Job CheckEmailAccounts 59f43d49bba1f6ef1: [0] cannot login, user or password wrong [] []
[2017-11-03 22:56:07] Espo.ERROR: CronManager: Failed job running, job [59fcf29922006928c]. Error Details: Job CheckEmailAccounts 59f43d49bba1f6ef1: [0] cannot login, user or password wrong [] []
[2017-11-03 22:57:04] Espo.ERROR: CronManager: Failed job running, job [59fcf29922006928c]. Error Details: Job CheckEmailAccounts 59f43d49bba1f6ef1: [0] cannot login, user or password wrong [] []
[2017-11-03 22:58:04] Espo.ERROR: CronManager: Failed job running, job [59fcf29922006928c]. Error Details: Job CheckEmailAccounts 59f43d49bba1f6ef1: [0] cannot login, user or password wrong [] []
[2017-11-03 23:00:14] Espo.ERROR: CronManager: Failed job running, job [59fcf3c5a1a7a2531]. Error Details: Job CheckEmailAccounts 59f43d49bba1f6ef1: [0] cannot login, user or password wrong [] []
[2017-11-03 23:01:04] Espo.ERROR: CronManager: Failed job running, job [59fcf3c5a1a7a2531]. Error Details: Job CheckEmailAccounts 59f43d49bba1f6ef1: [0] cannot login, user or password wrong [] []
[2017-11-03 23:02:06] Espo.ERROR: CronManager: Failed job running, job [59fcf3c5a1a7a2531]. Error Details: Job CheckEmailAccounts 59f43d49bba1f6ef1: [0] cannot login, user or password wrong [] []
[2017-11-03 23:03:04] Espo.ERROR: CronManager: Failed job running, job [59fcf3c5a1a7a2531]. Error Details: Job CheckEmailAccounts 59f43d49bba1f6ef1: [0] cannot login, user or password wrong [] []
[2017-11-03 23:05:11] Espo.ERROR: CronManager: Failed job running, job [59fcf4f1f3c5e13f0]. Error Details: Job CheckEmailAccounts 59f43d49bba1f6ef1: [0] cannot login, user or password wrong [] []
[2017-11-03 23:06:06] Espo.ERROR: CronManager: Failed job running, job [59fcf4f1f3c5e13f0]. Error Details: Job CheckEmailAccounts 59f43d49bba1f6ef1: [0] cannot login, user or password wrong [] []
[2017-11-03 23:07:06] Espo.ERROR: CronManager: Failed job running, job [59fcf4f1f3c5e13f0]. Error Details: Job CheckEmailAccounts 59f43d49bba1f6ef1: [0] cannot login, user or password wrong [] []
[2017-11-03 23:08:05] Espo.ERROR: CronManager: Failed job running, job [59fcf4f1f3c5e13f0]. Error Details: Job CheckEmailAccounts 59f43d49bba1f6ef1: [0] cannot login, user or password wrong [] []
[2017-11-03 23:10:10] Espo.ERROR: CronManager: Failed job running, job [59fcf61d76b7150b7]. Error Details: Job CheckEmailAccounts 59f43d49bba1f6ef1: [0] cannot login, user or password wrong [] []
[2017-11-03 23:11:04] Espo.ERROR: CronManager: Failed job running, job [59fcf61d76b7150b7]. Error Details: Job CheckEmailAccounts 59f43d49bba1f6ef1: [0] cannot login, user or password wrong [] []
[2017-11-03 23:12:05] Espo.ERROR: CronManager: Failed job running, job [59fcf61d76b7150b7]. Error Details: Job CheckEmailAccounts 59f43d49bba1f6ef1: [0] cannot login, user or password wrong [] []
[2017-11-03 23:13:04] Espo.ERROR: CronManager: Failed job running, job [59fcf61d76b7150b7]. Error Details: Job CheckEmailAccounts 59f43d49bba1f6ef1: [0] cannot login, user or password wrong [] []
[2017-11-03 23:15:10] Espo.ERROR: CronManager: Failed job running, job [59fcf749612f3852f]. Error Details: Job CheckEmailAccounts 59f43d49bba1f6ef1: [0] cannot login, user or password wrong [] []
[2017-11-03 23:16:05] Espo.ERROR: CronManager: Failed job running, job [59fcf749612f3852f]. Error Details: Job CheckEmailAccounts 59f43d49bba1f6ef1: [0] cannot login, user or password wrong [] []
[2017-11-03 23:17:08] Espo.ERROR: CronManager: Failed job running, job [59fcf749612f3852f]. Error Details: Job CheckEmailAccounts 59f43d49bba1f6ef1: [0] cannot login, user or password wrong [] []
[2017-11-03 23:18:05] Espo.ERROR: CronManager: Failed job running, job [59fcf749612f3852f]. Error Details: Job CheckEmailAccounts 59f43d49bba1f6ef1: [0] cannot login, user or password wrong [] []
[2017-11-03 23:20:08] Espo.ERROR: CronManager: Failed job running, job [59fcf87613d973d09]. Error Details: Job CheckEmailAccounts 59f43d49bba1f6ef1: [0] cannot login, user or password wrong [] []
[2017-11-03 23:21:05] Espo.ERROR: CronManager: Failed job running, job [59fcf87613d973d09]. Error Details: Job CheckEmailAccounts 59f43d49bba1f6ef1: [0] cannot login, user or password wrong [] []
[2017-11-03 23:22:03] Espo.ERROR: CronManager: Failed job running, job [59fcf87613d973d09]. Error Details: Job CheckEmailAccounts 59f43d49bba1f6ef1: [0] cannot login, user or password wrong [] []
[2017-11-03 23:23:05] Espo.ERROR: CronManager: Failed job running, job [59fcf87613d973d09]. Error Details: Job CheckEmailAccounts 59f43d49bba1f6ef1: [0] cannot login, user or password wrong [] []
[2017-11-03 23:25:10] Espo.ERROR: CronManager: Failed job running, job [59fcf9a1a40a804b9]. Error Details: Job CheckEmailAccounts 59f43d49bba1f6ef1: [0] cannot login, user or password wrong [] []
[2017-11-03 23:26:06] Espo.ERROR: CronManager: Failed job running, job [59fcf9a1a40a804b9]. Error Details: Job CheckEmailAccounts 59f43d49bba1f6ef1: [0] cannot login, user or password wrong [] []
[2017-11-03 23:27:04] Espo.ERROR: CronManager: Failed job running, job [59fcf9a1a40a804b9]. Error Details: Job CheckEmailAccounts 59f43d49bba1f6ef1: [0] cannot login, user or password wrong [] []
[2017-11-03 23:28:04] Espo.ERROR: CronManager: Failed job running, job [59fcf9a1a40a804b9]. Error Details: Job CheckEmailAccounts 59f43d49bba1f6ef1: [0] cannot login, user or password wrong [] []
[2017-11-03 23:30:13] Espo.ERROR: CronManager: Failed job running, job [59fcface1aea829a0]. Error Details: Job CheckEmailAccounts 59f43d49bba1f6ef1: [0] cannot login, user or password wrong [] []
[2017-11-03 23:31:04] Espo.ERROR: CronManager: Failed job running, job [59fcface1aea829a0]. Error Details: Job CheckEmailAccounts 59f43d49bba1f6ef1: [0] cannot login, user or password wrong [] []
[2017-11-03 23:32:04] Espo.ERROR: CronManager: Failed job running, job [59fcface1aea829a0]. Error Details: Job CheckEmailAccounts 59f43d49bba1f6ef1: [0] cannot login, user or password wrong [] []
[2017-11-03 23:33:04] Espo.ERROR: CronManager: Failed job running, job [59fcface1aea829a0]. Error Details: Job CheckEmailAccounts 59f43d49bba1f6ef1: [0] cannot login, user or password wrong [] []
[2017-11-03 23:35:10] Espo.ERROR: CronManager: Failed job running, job [59fcfbf967981b90e]. Error Details: Job CheckEmailAccounts 59f43d49bba1f6ef1: [0] cannot login, user or password wrong [] []
[2017-11-03 23:36:04] Espo.ERROR: CronManager: Failed job running, job [59fcfbf967981b90e]. Error Details: Job CheckEmailAccounts 59f43d49bba1f6ef1: [0] cannot login, user or password wrong [] []
[2017-11-03 23:37:07] Espo.ERROR: CronManager: Failed job running, job [59fcfbf967981b90e]. Error Details: Job CheckEmailAccounts 59f43d49bba1f6ef1: [0] cannot login, user or password wrong [] []
[2017-11-03 23:38:07] Espo.ERROR: CronManager: Failed job running, job [59fcfbf967981b90e]. Error Details: Job CheckEmailAccounts 59f43d49bba1f6ef1: [0] cannot login, user or password wrong [] []
[2017-11-03 23:40:08] Espo.ERROR: CronManager: Failed job running, job [59fcfd2600fff7a16]. Error Details: Job CheckEmailAccounts 59f43d49bba1f6ef1: [0] cannot login, user or password wrong [] []
[2017-11-03 23:41:04] Espo.ERROR: CronManager: Failed job running, job [59fcfd2600fff7a16]. Error Details: Job CheckEmailAccounts 59f43d49bba1f6ef1: [0] cannot login, user or password wrong [] []
[2017-11-03 23:42:05] Espo.ERROR: CronManager: Failed job running, job [59fcfd2600fff7a16]. Error Details: Job CheckEmailAccounts 59f43d49bba1f6ef1: [0] cannot login, user or password wrong [] []
[2017-11-03 23:43:05] Espo.ERROR: CronManager: Failed job running, job [59fcfd2600fff7a16]. Error Details: Job CheckEmailAccounts 59f43d49bba1f6ef1: [0] cannot login, user or password wrong [] []
[2017-11-03 23:45:07] Espo.ERROR: CronManager: Failed job running, job [59fcfe515eb83aa6a]. Error Details: Job CheckEmailAccounts 59f43d49bba1f6ef1: [0] cannot login, user or password wrong [] []
[2017-11-03 23:46:05] Espo.ERROR: CronManager: Failed job running, job [59fcfe515eb83aa6a]. Error Details: Job CheckEmailAccounts 59f43d49bba1f6ef1: [0] cannot login, user or password wrong [] []
[2017-11-03 23:47:04] Espo.ERROR: CronManager: Failed job running, job [59fcfe515eb83aa6a]. Error Details: Job CheckEmailAccounts 59f43d49bba1f6ef1: [0] cannot login, user or password wrong [] []
[2017-11-03 23:48:04] Espo.ERROR: CronManager: Failed job running, job [59fcfe515eb83aa6a]. Error Details: Job CheckEmailAccounts 59f43d49bba1f6ef1: [0] cannot login, user or password wrong [] []
[2017-11-03 23:50:12] Espo.ERROR: CronManager: Failed job running, job [59fcff7d73f0a2634]. Error Details: Job CheckEmailAccounts 59f43d49bba1f6ef1: [0] cannot login, user or password wrong [] []
[2017-11-03 23:51:04] Espo.ERROR: CronManager: Failed job running, job [59fcff7d73f0a2634]. Error Details: Job CheckEmailAccounts 59f43d49bba1f6ef1: [0] cannot login, user or password wrong [] []
[2017-11-03 23:52:04] Espo.ERROR: CronManager: Failed job running, job [59fcff7d73f0a2634]. Error Details: Job CheckEmailAccounts 59f43d49bba1f6ef1: [0] cannot login, user or password wrong [] []
[2017-11-03 23:53:04] Espo.ERROR: CronManager: Failed job running, job [59fcff7d73f0a2634]. Error Details: Job CheckEmailAccounts 59f43d49bba1f6ef1: [0] cannot login, user or password wrong [] []
[2017-11-03 23:55:08] Espo.ERROR: CronManager: Failed job running, job [59fd00a9616193f66]. Error Details: Job CheckEmailAccounts 59f43d49bba1f6ef1: [0] cannot login, user or password wrong [] []
[2017-11-03 23:56:03] Espo.ERROR: CronManager: Failed job running, job [59fd00a9616193f66]. Error Details: Job CheckEmailAccounts 59f43d49bba1f6ef1: [0] cannot login, user or password wrong [] []
[2017-11-03 23:57:04] Espo.ERROR: CronManager: Failed job running, job [59fd00a9616193f66]. Error Details: Job CheckEmailAccounts 59f43d49bba1f6ef1: [0] cannot login, user or password wrong [] []
[2017-11-03 23:58:04] Espo.ERROR: CronManager: Failed job running, job [59fd00a9616193f66]. Error Details: Job CheckEmailAccounts 59f43d49bba1f6ef1: [0] cannot login, user or password wrong [] []
