[2017-10-28 07:50:51] Espo.ERROR: API [GET]:.*, Params:Array ( ) , InputData:  -  [] []
[2017-10-28 07:50:51] Espo.ERROR: Display Error: , Code: 404 URL: /?entryPoint=avatar&size=small&id=5774fc18803ee6489&t=1509109451596 [] []
[2017-10-28 07:50:51] Espo.ERROR: Uncaught Exception Slim\Exception\Stop: "" at /var/www/html/marketing/vendor/slim/slim/Slim/Slim.php line 1022 {"exception":"[object] (Slim\\Exception\\Stop(code: 0):  at /var/www/html/marketing/vendor/slim/slim/Slim/Slim.php:1022)"} []
[2017-10-28 07:51:00] Espo.ERROR: API [GET]:.*, Params:Array ( ) , InputData:  -  [] []
[2017-10-28 07:51:00] Espo.ERROR: Display Error: , Code: 404 URL: /?entryPoint=avatar&size=small&id=5774fc18803ee6489&t=1509177061080&attachmentId=57922f70cfdf89b17 [] []
[2017-10-28 07:51:00] Espo.ERROR: Uncaught Exception Slim\Exception\Stop: "" at /var/www/html/marketing/vendor/slim/slim/Slim/Slim.php line 1022 {"exception":"[object] (Slim\\Exception\\Stop(code: 0):  at /var/www/html/marketing/vendor/slim/slim/Slim/Slim.php:1022)"} []
[2017-10-28 07:51:00] Espo.ERROR: API [GET]:.*, Params:Array ( ) , InputData:  -  [] []
[2017-10-28 07:51:00] Espo.ERROR: Display Error: , Code: 404 URL: /?entryPoint=avatar&size=small&id=5774fc18803ee6489&t=1509109451596 [] []
[2017-10-28 07:51:00] Espo.ERROR: Uncaught Exception Slim\Exception\Stop: "" at /var/www/html/marketing/vendor/slim/slim/Slim/Slim.php line 1022 {"exception":"[object] (Slim\\Exception\\Stop(code: 0):  at /var/www/html/marketing/vendor/slim/slim/Slim/Slim.php:1022)"} []
[2017-10-28 07:51:05] Espo.ERROR: API [GET]:.*, Params:Array ( ) , InputData:  -  [] []
[2017-10-28 07:51:05] Espo.ERROR: Display Error: , Code: 404 URL: /?entryPoint=image&id=57922f70cfdf89b17&size=small [] []
[2017-10-28 07:51:05] Espo.ERROR: Uncaught Exception Slim\Exception\Stop: "" at /var/www/html/marketing/vendor/slim/slim/Slim/Slim.php line 1022 {"exception":"[object] (Slim\\Exception\\Stop(code: 0):  at /var/www/html/marketing/vendor/slim/slim/Slim/Slim.php:1022)"} []
[2017-10-28 07:52:39] Espo.ERROR: API [GET]:.*, Params:Array ( ) , InputData:  -  [] []
[2017-10-28 07:52:39] Espo.ERROR: Display Error: , Code: 404 URL: /?entryPoint=avatar&size=small&id=5774fc18803ee6489&t=1509177160352&attachmentId=57922f70cfdf89b17 [] []
[2017-10-28 07:52:39] Espo.ERROR: Uncaught Exception Slim\Exception\Stop: "" at /var/www/html/marketing/vendor/slim/slim/Slim/Slim.php line 1022 {"exception":"[object] (Slim\\Exception\\Stop(code: 0):  at /var/www/html/marketing/vendor/slim/slim/Slim/Slim.php:1022)"} []
[2017-10-28 07:52:39] Espo.ERROR: API [GET]:.*, Params:Array ( ) , InputData:  -  [] []
[2017-10-28 07:52:39] Espo.ERROR: Display Error: , Code: 404 URL: /?entryPoint=avatar&size=small&id=5774fc18803ee6489&t=1509109451596 [] []
[2017-10-28 07:52:39] Espo.ERROR: Uncaught Exception Slim\Exception\Stop: "" at /var/www/html/marketing/vendor/slim/slim/Slim/Slim.php line 1022 {"exception":"[object] (Slim\\Exception\\Stop(code: 0):  at /var/www/html/marketing/vendor/slim/slim/Slim/Slim.php:1022)"} []
[2017-10-28 07:54:24] Espo.ERROR: API [GET]:.*, Params:Array ( ) , InputData:  -  [] []
[2017-10-28 07:54:24] Espo.ERROR: Display Error: , Code: 404 URL: /?entryPoint=avatar&size=small&id=5774fc18803ee6489&t=1509109451596 [] []
[2017-10-28 07:54:24] Espo.ERROR: Uncaught Exception Slim\Exception\Stop: "" at /var/www/html/marketing/vendor/slim/slim/Slim/Slim.php line 1022 {"exception":"[object] (Slim\\Exception\\Stop(code: 0):  at /var/www/html/marketing/vendor/slim/slim/Slim/Slim.php:1022)"} []
[2017-10-28 07:58:56] Espo.ERROR: API [GET]:.*, Params:Array ( ) , InputData:  -  [] []
[2017-10-28 07:58:56] Espo.ERROR: Display Error: , Code: 404 URL: /?entryPoint=avatar&size=small&id=5774fc18803ee6489&t=1509109451596 [] []
[2017-10-28 07:58:56] Espo.ERROR: Uncaught Exception Slim\Exception\Stop: "" at /var/www/html/marketing/vendor/slim/slim/Slim/Slim.php line 1022 {"exception":"[object] (Slim\\Exception\\Stop(code: 0):  at /var/www/html/marketing/vendor/slim/slim/Slim/Slim.php:1022)"} []
[2017-10-28 08:00:39] Espo.ERROR: API [GET]:/:controller/:id, Params:Array (     [controller] => Lead     [id] => 591afc5ce4e65c877 ) , InputData:  -  [] []
[2017-10-28 08:00:39] Espo.ERROR: Display Error: , Code: 404 URL: /api/v1/Lead/591afc5ce4e65c877 [] []
[2017-10-28 08:00:53] Espo.ERROR: API [GET]:.*, Params:Array ( ) , InputData:  -  [] []
[2017-10-28 08:00:53] Espo.ERROR: Display Error: , Code: 404 URL: /?entryPoint=avatar&size=small&id=5774fc18803ee6489&t=1509177580419 [] []
[2017-10-28 08:00:53] Espo.ERROR: Uncaught Exception Slim\Exception\Stop: "" at /var/www/html/marketing/vendor/slim/slim/Slim/Slim.php line 1022 {"exception":"[object] (Slim\\Exception\\Stop(code: 0):  at /var/www/html/marketing/vendor/slim/slim/Slim/Slim.php:1022)"} []
[2017-10-28 08:01:48] Espo.ERROR: API [POST]:/:controller, Params:Array (     [controller] => Email ) , InputData: {"status":"Sending","isRead":true,"isImportant":false,"inTrash":false,"folderId":false,"isUsers":false,"isHtml":true,"isSystem":false,"isJustSent":false,"assignedUserId":"5774fc18803ee6489","assignedUserName":"Zahid Ali","body":"<p><br></p>test&nbsp;<br><p style=\"margin: 0cm 0cm 10pt;\"><span style=\"font-family:&quot;Arial&quot;,&quot;sans-serif&quot;\"><font color=\"#000000\"><br></font></span></p><p style=\"margin: 0cm 0cm 10pt;\"><span style=\"font-family:&quot;Arial&quot;,&quot;sans-serif&quot;\"><font color=\"#000000\">Zahid Shakil</font></span></p><p align=\"left\" style=\"font-size:12pt\" dir=\"ltr\"><span style=\"font-family:&quot;Arial&quot;,&quot;sans-serif&quot;\"><font color=\"#000000\">Business Development</font></span></p><p style=\"margin: 0cm 0cm 10pt;\"><span style=\"font-family:&quot;Arial&quot;,&quot;sans-serif&quot;\"><font color=\"#000000\">Legit Claims Limited</font></span></p><p align=\"left\" style=\"font-size:12pt\" dir=\"ltr\"><span style=\"font-family:&quot;Arial&quot;,&quot;sans-serif&quot;\"><font color=\"#000000\">Suite 101 45 King William Street</font></span></p><p align=\"left\" style=\"font-size:12pt\" dir=\"ltr\"><span style=\"font-family:&quot;Arial&quot;,&quot;sans-serif&quot;\"><font color=\"#000000\">London&nbsp; EC4R 9AN </font></span></p><p align=\"left\" style=\"font-size:12pt\" dir=\"ltr\"><span style=\"font-family:&quot;Arial&quot;,&quot;sans-serif&quot;\"><font color=\"#000000\">Email: Zahid@legitclaims.co.uk</font></span></p><p align=\"left\" style=\"font-size:12pt\" dir=\"ltr\"><span style=\"font-family:&quot;Arial&quot;,&quot;sans-serif&quot;\"><font color=\"#000000\">Phone: 0203 714 5676 </font></span></p><p align=\"left\" style=\"font-size:12pt\" dir=\"ltr\"><span style=\"font-family:&quot;Arial&quot;,&quot;sans-serif&quot;\"><font color=\"#000000\">Mob: 0740 094 4493</font></span></p><p align=\"left\" style=\"font-size:12pt\" dir=\"ltr\"><span style=\"font-family:&quot;Arial&quot;,&quot;sans-serif&quot;\"><font color=\"#000000\">www.legitclaims.co.uk</font></span></p><p align=\"left\" style=\"font-size:12pt\" dir=\"ltr\"><font color=\"#000000\" face=\"Calibri\">___________________________________________________________________</font></p><p align=\"left\" style=\"font-size:12pt\" dir=\"ltr\"><font color=\"#000000\" face=\"Calibri\">www.legitclaims.co.uk is a website operated by Legit Claims Ltd a company registered in England and Wales on behalf of Sky Solicitors which is a firm authorised by the Solicitors Regulation Authority. This website allows solicitors to advertise their services to general public and facilitates direct communication between the solicitors and the public. We do not provide any claims management or legal services. Users of the website are under no obligation to enter into any contract with any of the solicitors advertising on the website. We only receive a fixed periodic advertising fee from the solicitors.</font></p><p align=\"left\" style=\"font-size:12pt\" dir=\"ltr\"><font color=\"#000000\" face=\"Calibri\">This email and any files transmitted with it are confidential and intended solely for the use of the individual or entity to whom they are addressed. If you have received this email in error please notify the system manager.&nbsp;&nbsp; If you are not the intended recipient you are notified that disclosing, copying, distributing or taking any action in reliance on the contents of this information is strictly prohibited.</font></p><p align=\"left\" style=\"font-size:12pt\" dir=\"ltr\"><b></b><i></i><u></u><sub></sub><sup></sup><strike></strike><br></p>","attachmentsIds":[],"attachmentsNames":{},"attachmentsTypes":{},"to":"ali@zapro.uk","bodyPlain":"\n\n\ntest \n\n\n\nZahid Shakil\n\nBusiness Development\n\nLegit Claims Limited\n\nSuite 101 45 King William Street\n\nLondon  EC4R 9AN \n\nEmail: Zahid@legitclaims.co.uk\n\nPhone: 0203 714 5676 \n\nMob: 0740 094 4493\n\nwww.legitclaims.co.uk\n\n___________________________________________________________________\n\nwww.legitclaims.co.uk is a website operated by Legit Claims Ltd a company registered in England and Wales on behalf of Sky Solicitors which is a firm authorised by the Solicitors Regulation Authority. This website allows solicitors to advertise their services to general public and facilitates direct communication between the solicitors and the public. We do not provide any claims management or legal services. Users of the website are under no obligation to enter into any contract with any of the solicitors advertising on the website. We only receive a fixed periodic advertising fee from the solicitors.\n\nThis email and any files transmitted with it are confidential and intended solely for the use of the individual or entity to whom they are addressed. If you have received this email in error please notify the system manager.   If you are not the intended recipient you are notified that di... [] []
[2017-10-28 08:01:48] Espo.ERROR: Display Error: 5.7.3 Authentication unsuccessful [DM5PR19CA0044.namprd19.prod.outlook.com] , Code: 500 URL: /api/v1/Email [] []
[2017-10-28 08:17:18] Espo.ERROR: API [POST]:/:controller/action/:action, Params:Array (     [controller] => EmailAccount     [action] => testConnection ) , InputData: {"host":"","port":993,"ssl":true,"username":"hello@legitclaims.co.uk","password":"*****"} - cannot connect to host ; error = fsockopen(): unable to connect to ssl://:993 (php_network_getaddresses: getaddrinfo failed: Name or service not known) (errno = 0 ) [] []
[2017-10-28 08:17:18] Espo.ERROR: Display Error: cannot connect to host ; error = fsockopen(): unable to connect to ssl://:993 (php_network_getaddresses: getaddrinfo failed: Name or service not known) (errno = 0 ), Code: 0 URL: /api/v1/EmailAccount/action/testConnection [] []
[2017-10-28 08:17:37] Espo.ERROR: API [POST]:/:controller/action/:action, Params:Array (     [controller] => EmailAccount     [action] => testConnection ) , InputData: {"host":"","port":993,"ssl":true,"username":"hello@legitclaims.co.uk","password":"*****"} - cannot connect to host ; error = fsockopen(): unable to connect to ssl://:993 (php_network_getaddresses: getaddrinfo failed: Name or service not known) (errno = 0 ) [] []
[2017-10-28 08:17:37] Espo.ERROR: Display Error: cannot connect to host ; error = fsockopen(): unable to connect to ssl://:993 (php_network_getaddresses: getaddrinfo failed: Name or service not known) (errno = 0 ), Code: 0 URL: /api/v1/EmailAccount/action/testConnection [] []
[2017-10-28 08:18:18] Espo.ERROR: API [GET]:.*, Params:Array ( ) , InputData:  -  [] []
[2017-10-28 08:18:18] Espo.ERROR: Display Error: , Code: 404 URL: /?entryPoint=avatar&size=small&id=5774fc18803ee6489&t=1509109451596 [] []
[2017-10-28 08:18:18] Espo.ERROR: Uncaught Exception Slim\Exception\Stop: "" at /var/www/html/marketing/vendor/slim/slim/Slim/Slim.php line 1022 {"exception":"[object] (Slim\\Exception\\Stop(code: 0):  at /var/www/html/marketing/vendor/slim/slim/Slim/Slim.php:1022)"} []
[2017-10-28 08:25:00] Espo.ERROR: API [GET]:.*, Params:Array ( ) , InputData:  -  [] []
[2017-10-28 08:25:00] Espo.ERROR: Display Error: , Code: 404 URL: /?entryPoint=avatar&size=small&id=5774fc18803ee6489&t=1509177580419 [] []
[2017-10-28 08:25:00] Espo.ERROR: Uncaught Exception Slim\Exception\Stop: "" at /var/www/html/marketing/vendor/slim/slim/Slim/Slim.php line 1022 {"exception":"[object] (Slim\\Exception\\Stop(code: 0):  at /var/www/html/marketing/vendor/slim/slim/Slim/Slim.php:1022)"} []
[2017-10-28 08:25:37] Espo.ERROR: API [GET]:.*, Params:Array ( ) , InputData:  -  [] []
[2017-10-28 08:25:37] Espo.ERROR: Display Error: , Code: 404 URL: /?entryPoint=avatar&size=small&id=5774fc18803ee6489&t=1509177580419 [] []
[2017-10-28 08:25:37] Espo.ERROR: Uncaught Exception Slim\Exception\Stop: "" at /var/www/html/marketing/vendor/slim/slim/Slim/Slim.php line 1022 {"exception":"[object] (Slim\\Exception\\Stop(code: 0):  at /var/www/html/marketing/vendor/slim/slim/Slim/Slim.php:1022)"} []
[2017-10-28 08:28:08] Espo.ERROR: API [GET]:.*, Params:Array ( ) , InputData:  -  [] []
[2017-10-28 08:28:08] Espo.ERROR: Display Error: , Code: 404 URL: /?entryPoint=avatar&size=small&id=5774fc18803ee6489&t=1509109451596 [] []
[2017-10-28 08:28:08] Espo.ERROR: Uncaught Exception Slim\Exception\Stop: "" at /var/www/html/marketing/vendor/slim/slim/Slim/Slim.php line 1022 {"exception":"[object] (Slim\\Exception\\Stop(code: 0):  at /var/www/html/marketing/vendor/slim/slim/Slim/Slim.php:1022)"} []
[2017-10-28 08:30:11] Espo.ERROR: API [GET]:.*, Params:Array ( ) , InputData:  -  [] []
[2017-10-28 08:30:11] Espo.ERROR: Display Error: , Code: 404 URL: /?entryPoint=avatar&size=small&id=5774fc18803ee6489&t=1509109451596 [] []
[2017-10-28 08:30:11] Espo.ERROR: Uncaught Exception Slim\Exception\Stop: "" at /var/www/html/marketing/vendor/slim/slim/Slim/Slim.php line 1022 {"exception":"[object] (Slim\\Exception\\Stop(code: 0):  at /var/www/html/marketing/vendor/slim/slim/Slim/Slim.php:1022)"} []
[2017-10-28 08:30:16] Espo.ERROR: API [GET]:.*, Params:Array ( ) , InputData:  -  [] []
[2017-10-28 08:30:16] Espo.ERROR: Display Error: , Code: 404 URL: /?entryPoint=avatar&size=small&id=5774fc18803ee6489&t=1509179417278&attachmentId=57922f70cfdf89b17 [] []
[2017-10-28 08:30:16] Espo.ERROR: Uncaught Exception Slim\Exception\Stop: "" at /var/www/html/marketing/vendor/slim/slim/Slim/Slim.php line 1022 {"exception":"[object] (Slim\\Exception\\Stop(code: 0):  at /var/www/html/marketing/vendor/slim/slim/Slim/Slim.php:1022)"} []
[2017-10-28 08:30:16] Espo.ERROR: API [GET]:.*, Params:Array ( ) , InputData:  -  [] []
[2017-10-28 08:30:16] Espo.ERROR: Display Error: , Code: 404 URL: /?entryPoint=avatar&size=small&id=5774fc18803ee6489&t=1509109451596 [] []
[2017-10-28 08:30:16] Espo.ERROR: Uncaught Exception Slim\Exception\Stop: "" at /var/www/html/marketing/vendor/slim/slim/Slim/Slim.php line 1022 {"exception":"[object] (Slim\\Exception\\Stop(code: 0):  at /var/www/html/marketing/vendor/slim/slim/Slim/Slim.php:1022)"} []
[2017-10-28 08:30:18] Espo.ERROR: API [GET]:.*, Params:Array ( ) , InputData:  -  [] []
[2017-10-28 08:30:18] Espo.ERROR: Display Error: , Code: 404 URL: /?entryPoint=image&id=57922f70cfdf89b17&size=small [] []
[2017-10-28 08:30:18] Espo.ERROR: Uncaught Exception Slim\Exception\Stop: "" at /var/www/html/marketing/vendor/slim/slim/Slim/Slim.php line 1022 {"exception":"[object] (Slim\\Exception\\Stop(code: 0):  at /var/www/html/marketing/vendor/slim/slim/Slim/Slim.php:1022)"} []
[2017-10-28 08:30:22] Espo.ERROR: API [GET]:.*, Params:Array ( ) , InputData:  -  [] []
[2017-10-28 08:30:22] Espo.ERROR: Display Error: , Code: 404 URL: /?entryPoint=avatar&size=small&id=5774fc18803ee6489&t=1509179423211&attachmentId=57922f70cfdf89b17 [] []
[2017-10-28 08:30:22] Espo.ERROR: Uncaught Exception Slim\Exception\Stop: "" at /var/www/html/marketing/vendor/slim/slim/Slim/Slim.php line 1022 {"exception":"[object] (Slim\\Exception\\Stop(code: 0):  at /var/www/html/marketing/vendor/slim/slim/Slim/Slim.php:1022)"} []
[2017-10-28 08:30:22] Espo.ERROR: API [GET]:.*, Params:Array ( ) , InputData:  -  [] []
[2017-10-28 08:30:22] Espo.ERROR: Display Error: , Code: 404 URL: /?entryPoint=avatar&size=small&id=5774fc18803ee6489&t=1509109451596 [] []
[2017-10-28 08:30:22] Espo.ERROR: Uncaught Exception Slim\Exception\Stop: "" at /var/www/html/marketing/vendor/slim/slim/Slim/Slim.php line 1022 {"exception":"[object] (Slim\\Exception\\Stop(code: 0):  at /var/www/html/marketing/vendor/slim/slim/Slim/Slim.php:1022)"} []
[2017-10-28 08:30:39] Espo.ERROR: API [GET]:.*, Params:Array ( ) , InputData:  -  [] []
[2017-10-28 08:30:39] Espo.ERROR: Display Error: , Code: 404 URL: /?entryPoint=avatar&size=small&id=5774fc18803ee6489&t=1509109451596 [] []
[2017-10-28 08:30:39] Espo.ERROR: Uncaught Exception Slim\Exception\Stop: "" at /var/www/html/marketing/vendor/slim/slim/Slim/Slim.php line 1022 {"exception":"[object] (Slim\\Exception\\Stop(code: 0):  at /var/www/html/marketing/vendor/slim/slim/Slim/Slim.php:1022)"} []
[2017-10-28 08:35:21] Espo.ERROR: API [GET]:/:controller/action/:action, Params:Array (     [controller] => Admin     [action] => cronMessage ) , InputData:  -  [] []
[2017-10-28 08:35:21] Espo.ERROR: Display Error: , Code: 403 URL: /api/v1/Admin/action/cronMessage [] []
[2017-10-28 08:35:21] Espo.ERROR: Uncaught Exception Error: "Class 'Espo\Controllers\Forbidden' not found" at /var/www/html/marketing/application/Espo/Controllers/ScheduledJob.php line 37 {"exception":"[object] (Error: Error: Class 'Espo\\Controllers\\Forbidden' not found in /var/www/html/marketing/application/Espo/Controllers/ScheduledJob.php:37\nStack trace:\n#0 /var/www/html/marketing/application/Espo/Core/Controllers/Base.php(61): Espo\\Controllers\\ScheduledJob->checkControllerAccess()\n#1 /var/www/html/marketing/application/Espo/Core/ControllerManager.php(88): Espo\\Core\\Controllers\\Base->__construct(Object(Espo\\Core\\Container), 'GET')\n#2 /var/www/html/marketing/application/Espo/Core/Application.php(226): Espo\\Core\\ControllerManager->process('ScheduledJob', 'index', Array, '', Object(Slim\\Http\\Request))\n#3 [internal function]: Espo\\Core\\Application->Espo\\Core\\{closure}()\n#4 /var/www/html/marketing/vendor/slim/slim/Slim/Slim.php(1210): call_user_func_array(Object(Closure), Array)\n#5 /var/www/html/marketing/vendor/slim/slim/Slim/Slim.php(1356): Slim\\Slim->applyHook('slim.before.dis...')\n#6 /var/www/html/marketing/vendor/slim/slim/Slim/Middleware/Flash.php(85): Slim\\Slim->call()\n#7 /var/www/html/marketing/vendor/slim/slim/Slim/Middleware/MethodOverride.php(92): Slim\\Middleware\\Flash->call()\n#8 /var/www/html/marketing/application/Espo/Core/Utils/Api/Auth.php(112): Slim\\Middleware\\MethodOverride->call()\n#9 /var/www/html/marketing/application/Espo/Core/Utils/Api/Slim.php(125): Espo\\Core\\Utils\\Api\\Auth->call()\n#10 /var/www/html/marketing/application/Espo/Core/Application.php(88): Espo\\Core\\Utils\\Api\\Slim->run()\n#11 /var/www/html/marketing/api/v1/index.php(33): Espo\\Core\\Application->run()\n#12 {main})"} []
[2017-10-28 08:35:38] Espo.ERROR: API [GET]:.*, Params:Array ( ) , InputData:  -  [] []
[2017-10-28 08:35:38] Espo.ERROR: Display Error: , Code: 404 URL: /?entryPoint=avatar&size=small&id=5774fc18803ee6489&t=1509109451596 [] []
[2017-10-28 08:35:38] Espo.ERROR: Uncaught Exception Slim\Exception\Stop: "" at /var/www/html/marketing/vendor/slim/slim/Slim/Slim.php line 1022 {"exception":"[object] (Slim\\Exception\\Stop(code: 0):  at /var/www/html/marketing/vendor/slim/slim/Slim/Slim.php:1022)"} []
[2017-10-28 08:35:41] Espo.ERROR: API [GET]:.*, Params:Array ( ) , InputData:  -  [] []
[2017-10-28 08:35:41] Espo.ERROR: Display Error: , Code: 404 URL: /?entryPoint=avatar&size=small&id=5774fc18803ee6489&t=1509179742436&attachmentId=57922f70cfdf89b17 [] []
[2017-10-28 08:35:41] Espo.ERROR: Uncaught Exception Slim\Exception\Stop: "" at /var/www/html/marketing/vendor/slim/slim/Slim/Slim.php line 1022 {"exception":"[object] (Slim\\Exception\\Stop(code: 0):  at /var/www/html/marketing/vendor/slim/slim/Slim/Slim.php:1022)"} []
[2017-10-28 08:35:41] Espo.ERROR: API [GET]:.*, Params:Array ( ) , InputData:  -  [] []
[2017-10-28 08:35:41] Espo.ERROR: Display Error: , Code: 404 URL: /?entryPoint=avatar&size=small&id=5774fc18803ee6489&t=1509109451596 [] []
[2017-10-28 08:35:41] Espo.ERROR: Uncaught Exception Slim\Exception\Stop: "" at /var/www/html/marketing/vendor/slim/slim/Slim/Slim.php line 1022 {"exception":"[object] (Slim\\Exception\\Stop(code: 0):  at /var/www/html/marketing/vendor/slim/slim/Slim/Slim.php:1022)"} []
[2017-10-28 08:35:45] Espo.ERROR: API [GET]:.*, Params:Array ( ) , InputData:  -  [] []
[2017-10-28 08:35:45] Espo.ERROR: Display Error: , Code: 404 URL: /?entryPoint=image&id=57922f70cfdf89b17&size=small [] []
[2017-10-28 08:35:45] Espo.ERROR: Uncaught Exception Slim\Exception\Stop: "" at /var/www/html/marketing/vendor/slim/slim/Slim/Slim.php line 1022 {"exception":"[object] (Slim\\Exception\\Stop(code: 0):  at /var/www/html/marketing/vendor/slim/slim/Slim/Slim.php:1022)"} []
[2017-10-28 08:35:49] Espo.ERROR: API [GET]:.*, Params:Array ( ) , InputData:  -  [] []
[2017-10-28 08:35:49] Espo.ERROR: Display Error: , Code: 404 URL: /?entryPoint=avatar&size=small&id=5774fc18803ee6489&t=1509179750333&attachmentId=57922f70cfdf89b17 [] []
[2017-10-28 08:35:49] Espo.ERROR: Uncaught Exception Slim\Exception\Stop: "" at /var/www/html/marketing/vendor/slim/slim/Slim/Slim.php line 1022 {"exception":"[object] (Slim\\Exception\\Stop(code: 0):  at /var/www/html/marketing/vendor/slim/slim/Slim/Slim.php:1022)"} []
[2017-10-28 08:35:49] Espo.ERROR: API [GET]:.*, Params:Array ( ) , InputData:  -  [] []
[2017-10-28 08:35:49] Espo.ERROR: Display Error: , Code: 404 URL: /?entryPoint=avatar&size=small&id=5774fc18803ee6489&t=1509109451596 [] []
[2017-10-28 08:35:49] Espo.ERROR: Uncaught Exception Slim\Exception\Stop: "" at /var/www/html/marketing/vendor/slim/slim/Slim/Slim.php line 1022 {"exception":"[object] (Slim\\Exception\\Stop(code: 0):  at /var/www/html/marketing/vendor/slim/slim/Slim/Slim.php:1022)"} []
[2017-10-28 08:35:54] Espo.ERROR: API [GET]:.*, Params:Array ( ) , InputData:  -  [] []
[2017-10-28 08:35:54] Espo.ERROR: Display Error: , Code: 404 URL: /?entryPoint=avatar&size=small&id=5774fc18803ee6489&t=1509109451596 [] []
[2017-10-28 08:35:54] Espo.ERROR: Uncaught Exception Slim\Exception\Stop: "" at /var/www/html/marketing/vendor/slim/slim/Slim/Slim.php line 1022 {"exception":"[object] (Slim\\Exception\\Stop(code: 0):  at /var/www/html/marketing/vendor/slim/slim/Slim/Slim.php:1022)"} []
[2017-10-28 09:16:04] Espo.ERROR: CronManager: empty Job entity [59f44a5958c10a8c9]. [] []
[2017-10-28 11:31:04] Espo.ERROR: API [GET]:.*, Params:Array ( ) , InputData:  -  [] []
[2017-10-28 11:31:04] Espo.ERROR: Display Error: , Code: 404 URL: /?entryPoint=avatar&size=small&id=5774fc18803ee6489&t=1509190265586&attachmentId=57922f70cfdf89b17 [] []
[2017-10-28 11:31:04] Espo.ERROR: Uncaught Exception Slim\Exception\Stop: "" at /var/www/html/marketing/vendor/slim/slim/Slim/Slim.php line 1022 {"exception":"[object] (Slim\\Exception\\Stop(code: 0):  at /var/www/html/marketing/vendor/slim/slim/Slim/Slim.php:1022)"} []
[2017-10-28 11:31:05] Espo.ERROR: API [GET]:.*, Params:Array ( ) , InputData:  -  [] []
[2017-10-28 11:31:05] Espo.ERROR: Display Error: , Code: 404 URL: /?entryPoint=avatar&size=small&id=5774fc18803ee6489&t=1509184860503 [] []
[2017-10-28 11:31:05] Espo.ERROR: Uncaught Exception Slim\Exception\Stop: "" at /var/www/html/marketing/vendor/slim/slim/Slim/Slim.php line 1022 {"exception":"[object] (Slim\\Exception\\Stop(code: 0):  at /var/www/html/marketing/vendor/slim/slim/Slim/Slim.php:1022)"} []
[2017-10-28 11:31:08] Espo.ERROR: API [GET]:.*, Params:Array ( ) , InputData:  -  [] []
[2017-10-28 11:31:08] Espo.ERROR: Display Error: , Code: 404 URL: /?entryPoint=avatar&size=small&id=5774fc18803ee6489&t=1509184860503 [] []
[2017-10-28 11:31:08] Espo.ERROR: Uncaught Exception Slim\Exception\Stop: "" at /var/www/html/marketing/vendor/slim/slim/Slim/Slim.php line 1022 {"exception":"[object] (Slim\\Exception\\Stop(code: 0):  at /var/www/html/marketing/vendor/slim/slim/Slim/Slim.php:1022)"} []
[2017-10-28 11:35:02] Espo.ERROR: CronManager: Failed job running, job [59f46a394aaf2da90]. Error Details: Job CheckEmailAccounts '59f1fe751ed2a08c1': EmailAccount is not active. [] []
[2017-10-28 11:36:01] Espo.ERROR: CronManager: Failed job running, job [59f46a394aaf2da90]. Error Details: Job CheckEmailAccounts '59f1fe751ed2a08c1': EmailAccount is not active. [] []
[2017-10-28 11:37:01] Espo.ERROR: CronManager: Failed job running, job [59f46a394aaf2da90]. Error Details: Job CheckEmailAccounts '59f1fe751ed2a08c1': EmailAccount is not active. [] []
[2017-10-28 11:38:01] Espo.ERROR: CronManager: Failed job running, job [59f46a394aaf2da90]. Error Details: Job CheckEmailAccounts '59f1fe751ed2a08c1': EmailAccount is not active. [] []
[2017-10-28 12:30:08] Espo.ERROR: API [GET]:.*, Params:Array ( ) , InputData:  -  [] []
[2017-10-28 12:30:08] Espo.ERROR: Display Error: , Code: 404 URL: /?entryPoint=avatar&size=small&id=5774fc18803ee6489&t=1509184860503 [] []
[2017-10-28 12:30:08] Espo.ERROR: Uncaught Exception Slim\Exception\Stop: "" at /var/www/html/marketing/vendor/slim/slim/Slim/Slim.php line 1022 {"exception":"[object] (Slim\\Exception\\Stop(code: 0):  at /var/www/html/marketing/vendor/slim/slim/Slim/Slim.php:1022)"} []
[2017-10-28 12:37:46] Espo.ERROR: API [GET]:/:controller/action/:action, Params:Array (     [controller] => EmailAccount     [action] => getFolders ) , InputData:  - cannot connect to host ; error = fsockopen(): unable to connect to ssl://auth.smtp.1and1.co.uk:993 (Connection refused) (errno = 0 ) [] []
[2017-10-28 12:37:46] Espo.ERROR: Display Error: cannot connect to host ; error = fsockopen(): unable to connect to ssl://auth.smtp.1and1.co.uk:993 (Connection refused) (errno = 0 ), Code: 0 URL: /api/v1/EmailAccount/action/getFolders?host=auth.smtp.1and1.co.uk&port=993&ssl=true&username=muhammad.shahzad%40srhives.com&password=Change%40123 [] []
[2017-10-28 12:37:53] Espo.ERROR: API [POST]:/:controller/action/:action, Params:Array (     [controller] => EmailAccount     [action] => testConnection ) , InputData: {"host":"auth.smtp.1and1.co.uk","port":143,"ssl":false,"username":"muhammad.shahzad@srhives.com","password":"*****"} - cannot connect to host ; error = fsockopen(): unable to connect to auth.smtp.1and1.co.uk:143 (Connection refused) (errno = 0 ) [] []
[2017-10-28 12:37:53] Espo.ERROR: Display Error: cannot connect to host ; error = fsockopen(): unable to connect to auth.smtp.1and1.co.uk:143 (Connection refused) (errno = 0 ), Code: 0 URL: /api/v1/EmailAccount/action/testConnection [] []
[2017-10-28 12:38:00] Espo.ERROR: API [POST]:/:controller/action/:action, Params:Array (     [controller] => EmailAccount     [action] => testConnection ) , InputData: {"host":"auth.imap.1and1.co.uk","port":143,"ssl":false,"username":"muhammad.shahzad@srhives.com","password":"*****"} - cannot connect to host ; error = fsockopen(): unable to connect to auth.imap.1and1.co.uk:143 (php_network_getaddresses: getaddrinfo failed: Name or service not known) (errno = 0 ) [] []
[2017-10-28 12:38:00] Espo.ERROR: Display Error: cannot connect to host ; error = fsockopen(): unable to connect to auth.imap.1and1.co.uk:143 (php_network_getaddresses: getaddrinfo failed: Name or service not known) (errno = 0 ), Code: 0 URL: /api/v1/EmailAccount/action/testConnection [] []
[2017-10-28 12:38:54] Espo.ERROR: API [POST]:/:controller/action/:action, Params:Array (     [controller] => EmailAccount     [action] => testConnection ) , InputData: {"host":"msgate.kundenserver.de","port":143,"ssl":false,"username":"muhammad.shahzad@srhives.com","password":"*****"} - cannot connect to host ; error = fsockopen(): unable to connect to msgate.kundenserver.de:143 (php_network_getaddresses: getaddrinfo failed: Name or service not known) (errno = 0 ) [] []
[2017-10-28 12:38:54] Espo.ERROR: Display Error: cannot connect to host ; error = fsockopen(): unable to connect to msgate.kundenserver.de:143 (php_network_getaddresses: getaddrinfo failed: Name or service not known) (errno = 0 ), Code: 0 URL: /api/v1/EmailAccount/action/testConnection [] []
[2017-10-28 12:39:53] Espo.ERROR: API [GET]:.*, Params:Array ( ) , InputData:  -  [] []
[2017-10-28 12:39:53] Espo.ERROR: Display Error: , Code: 404 URL: /?entryPoint=avatar&size=small&id=5774fc18803ee6489&t=1509184860503 [] []
[2017-10-28 12:39:53] Espo.ERROR: Uncaught Exception Slim\Exception\Stop: "" at /var/www/html/marketing/vendor/slim/slim/Slim/Slim.php line 1022 {"exception":"[object] (Slim\\Exception\\Stop(code: 0):  at /var/www/html/marketing/vendor/slim/slim/Slim/Slim.php:1022)"} []
[2017-10-28 12:40:21] Espo.ERROR: API [GET]:.*, Params:Array ( ) , InputData:  -  [] []
[2017-10-28 12:40:21] Espo.ERROR: Display Error: , Code: 404 URL: /?entryPoint=avatar&size=small&id=5774fc18803ee6489&t=1509184860503 [] []
[2017-10-28 12:40:21] Espo.ERROR: Uncaught Exception Slim\Exception\Stop: "" at /var/www/html/marketing/vendor/slim/slim/Slim/Slim.php line 1022 {"exception":"[object] (Slim\\Exception\\Stop(code: 0):  at /var/www/html/marketing/vendor/slim/slim/Slim/Slim.php:1022)"} []
[2017-10-28 12:41:21] Espo.ERROR: API [GET]:.*, Params:Array ( ) , InputData:  -  [] []
[2017-10-28 12:41:21] Espo.ERROR: Display Error: , Code: 404 URL: /?entryPoint=avatar&size=small&id=5774fc18803ee6489&t=1509184860503 [] []
[2017-10-28 12:41:21] Espo.ERROR: Uncaught Exception Slim\Exception\Stop: "" at /var/www/html/marketing/vendor/slim/slim/Slim/Slim.php line 1022 {"exception":"[object] (Slim\\Exception\\Stop(code: 0):  at /var/www/html/marketing/vendor/slim/slim/Slim/Slim.php:1022)"} []
[2017-10-28 13:01:34] Espo.ERROR: API [GET]:.*, Params:Array ( ) , InputData:  -  [] []
[2017-10-28 13:01:34] Espo.ERROR: Display Error: , Code: 404 URL: /?entryPoint=avatar&size=small&id=5774fc18803ee6489&t=1509184860503 [] []
[2017-10-28 13:01:34] Espo.ERROR: Uncaught Exception Slim\Exception\Stop: "" at /var/www/html/marketing/vendor/slim/slim/Slim/Slim.php line 1022 {"exception":"[object] (Slim\\Exception\\Stop(code: 0):  at /var/www/html/marketing/vendor/slim/slim/Slim/Slim.php:1022)"} []
[2017-10-28 13:05:32] Espo.ERROR: API [GET]:.*, Params:Array ( ) , InputData:  -  [] []
[2017-10-28 13:05:32] Espo.ERROR: Display Error: , Code: 404 URL: /?entryPoint=avatar&size=small&id=5774fc18803ee6489&t=1509184860503 [] []
[2017-10-28 13:05:32] Espo.ERROR: Uncaught Exception Slim\Exception\Stop: "" at /var/www/html/marketing/vendor/slim/slim/Slim/Slim.php line 1022 {"exception":"[object] (Slim\\Exception\\Stop(code: 0):  at /var/www/html/marketing/vendor/slim/slim/Slim/Slim.php:1022)"} []
[2017-10-28 13:07:05] Espo.ERROR: API [POST]:/:controller/action/:action, Params:Array (     [controller] => InboundEmail     [action] => testConnection ) , InputData: {"host":"outlook.office365.com","port":"993","ssl":true,"username":"hello@legitclaims.co.uk","password":null,"id":"*****"} - cannot login, user or password wrong [] []
[2017-10-28 13:07:05] Espo.ERROR: Display Error: cannot login, user or password wrong, Code: 0 URL: /api/v1/InboundEmail/action/testConnection [] []
[2017-10-28 19:11:47] Espo.ERROR: CronManager: Failed job running, job [59f4d4dd8161cc4ca]. Error Details: Job CheckEmailAccounts 59f1fe751ed2a08c1: [0] cannot read - connection closed? [] []
[2017-10-28 19:11:51] Espo.ERROR: CronManager: empty Job entity [59f4d5cd5d81b379d]. [] []
