[2017-11-10 00:07:01] Espo.ERROR: CronManager: Failed job running, job [5a04ec01443e18cb8]. Error Details: Job CheckEmailAccounts 59269d9abc9dae42e: [0] cannot read - connection closed? [] []
[2017-11-10 00:07:19] Espo.ERROR: CronManager: empty Job entity [5a04ecf210ea911e0]. [] []
[2017-11-10 00:11:09] Espo.ERROR: CronManager: empty Job entity [5a04ee1dae1a2deb1]. [] []
[2017-11-10 03:20:35] Espo.ERROR: CronManager: Failed job running, job [5a0519b58cfa9de03]. Error Details: Job CheckEmailAccounts 59f1fe751ed2a08c1: [0] cannot connect to host ; error = fsockopen(): unable to connect to ssl://outlook.office365.com:993 (Connection timed out) (errno = 0 ) [] []
[2017-11-10 04:05:39] Espo.ERROR: CronManager: Failed job running, job [5a05244169368d0cc]. Error Details: Job CheckEmailAccounts 59f43d49bba1f6ef1: [0] cannot connect to host ; error = fsockopen(): unable to connect to ssl://outlook.office365.com:993 (Connection timed out) (errno = 0 ) [] []
[2017-11-10 05:45:31] Espo.ERROR: CronManager: Failed job running, job [5a053bb2265c1a717]. Error Details: Job CheckEmailAccounts 59269d9abc9dae42e: [0] cannot connect to host ; error = fsockopen(): unable to connect to ssl://outlook.office365.com:993 (Connection timed out) (errno = 0 ) [] []
[2017-11-10 05:50:31] Espo.ERROR: CronManager: Failed job running, job [5a053cdda0d6ba98c]. Error Details: Job CheckEmailAccounts 59269d9abc9dae42e: [0] cannot connect to host ; error = fsockopen(): unable to connect to ssl://outlook.office365.com:993 (Connection timed out) (errno = 0 ) [] []
[2017-11-10 06:15:36] Espo.ERROR: CronManager: Failed job running, job [5a0542b9799e78572]. Error Details: Job CheckEmailAccounts 59f1fe751ed2a08c1: [0] cannot connect to host ; error = fsockopen(): unable to connect to ssl://outlook.office365.com:993 (Connection timed out) (errno = 0 ) [] []
[2017-11-10 06:35:31] Espo.ERROR: CronManager: Failed job running, job [5a054769300ea9272]. Error Details: Job CheckEmailAccounts 59269d9abc9dae42e: [0] cannot connect to host ; error = fsockopen(): unable to connect to ssl://outlook.office365.com:993 (Connection timed out) (errno = 0 ) [] []
[2017-11-10 06:45:38] Espo.ERROR: CronManager: Failed job running, job [5a0549c2252a291d9]. Error Details: Job CheckEmailAccounts 59f43d49bba1f6ef1: [0] cannot connect to host ; error = fsockopen(): unable to connect to ssl://outlook.office365.com:993 (Connection timed out) (errno = 0 ) [] []
[2017-11-10 08:55:42] Espo.ERROR: Job CheckInboundEmails 58c67efaa6b8f6e2f: [0] cannot connect to host ; error = fsockopen(): unable to connect to ssl://outlook.office365.com:993 (Connection timed out) (errno = 0 ) [] []
[2017-11-10 09:27:31] Espo.ERROR: Job CheckInboundEmails 58c67efaa6b8f6e2f: [0] cannot connect to host ; error = fsockopen(): unable to connect to ssl://outlook.office365.com:993 (Connection timed out) (errno = 0 ) [] []
[2017-11-10 09:51:31] Espo.ERROR: Job CheckInboundEmails 58c67efaa6b8f6e2f: [0] cannot connect to host ; error = fsockopen(): unable to connect to ssl://outlook.office365.com:993 (Connection timed out) (errno = 0 ) [] []
[2017-11-10 10:01:12] Espo.ERROR: MassEmail#sendQueueItem: [500] 4.4.2 Message submission rate for this client has exceeded the configured limit [HE1PR0501MB2412.eurprd05.prod.outlook.com]  [] []
[2017-11-10 10:01:12] Espo.ERROR: MassEmail#sendQueueItem: [500] Could not read from smtp.office365.com [] []
[2017-11-10 10:01:12] Espo.WARNING: E_WARNING: fwrite(): SSL operation failed with code 1. OpenSSL Error messages: error:140D00CF:SSL routines:SSL_write:protocol is shutdown {"code":2,"message":"fwrite(): SSL operation failed with code 1. OpenSSL Error messages:\nerror:140D00CF:SSL routines:SSL_write:protocol is shutdown","file":"/var/www/html/marketing/vendor/zendframework/zend-mail/src/Protocol/AbstractProtocol.php","line":245} []
[2017-11-10 10:01:12] Espo.ERROR: MassEmail#sendQueueItem: [500] Could not read from smtp.office365.com [] []
[2017-11-10 10:01:23] Espo.ERROR: CronManager: empty Job entity [5a057865a313c9bf1]. [] []
[2017-11-10 10:01:23] Espo.WARNING: E_WARNING: fwrite(): SSL operation failed with code 1. OpenSSL Error messages: error:140D00CF:SSL routines:SSL_write:protocol is shutdown {"code":2,"message":"fwrite(): SSL operation failed with code 1. OpenSSL Error messages:\nerror:140D00CF:SSL routines:SSL_write:protocol is shutdown","file":"/var/www/html/marketing/vendor/zendframework/zend-mail/src/Protocol/AbstractProtocol.php","line":245} []
[2017-11-10 10:01:23] Espo.WARNING: E_WARNING: fwrite(): SSL operation failed with code 1. OpenSSL Error messages: error:140D00CF:SSL routines:SSL_write:protocol is shutdown {"code":2,"message":"fwrite(): SSL operation failed with code 1. OpenSSL Error messages:\nerror:140D00CF:SSL routines:SSL_write:protocol is shutdown","file":"/var/www/html/marketing/vendor/zendframework/zend-mail/src/Protocol/AbstractProtocol.php","line":245} []
[2017-11-10 10:33:32] Espo.ERROR: Job CheckInboundEmails 58c67efaa6b8f6e2f: [0] cannot connect to host ; error = fsockopen(): unable to connect to ssl://outlook.office365.com:993 (Connection timed out) (errno = 0 ) [] []
[2017-11-10 11:20:31] Espo.ERROR: CronManager: Failed job running, job [5a058a3578798c29d]. Error Details: Job CheckEmailAccounts 59269d9abc9dae42e: [0] cannot connect to host ; error = fsockopen(): unable to connect to ssl://outlook.office365.com:993 (Connection timed out) (errno = 0 ) [] []
[2017-11-10 13:21:31] Espo.ERROR: Job CheckInboundEmails 58c67efaa6b8f6e2f: [0] cannot connect to host ; error = fsockopen(): unable to connect to ssl://outlook.office365.com:993 (Connection timed out) (errno = 0 ) [] []
[2017-11-10 13:24:31] Espo.ERROR: Job CheckInboundEmails 58c67efaa6b8f6e2f: [0] cannot connect to host ; error = fsockopen(): unable to connect to ssl://outlook.office365.com:993 (Connection timed out) (errno = 0 ) [] []
[2017-11-10 15:20:35] Espo.ERROR: CronManager: Failed job running, job [5a05c275bdc135f4e]. Error Details: Job CheckEmailAccounts 59f1fe751ed2a08c1: [0] cannot connect to host ; error = fsockopen(): unable to connect to ssl://outlook.office365.com:993 (Connection timed out) (errno = 0 ) [] []
[2017-11-10 17:10:44] Espo.ERROR: Job CheckInboundEmails 58c67efaa6b8f6e2f: [0] cannot connect to host ; error = fsockopen(): unable to connect to ssl://outlook.office365.com:993 (Connection timed out) (errno = 0 ) [] []
[2017-11-10 19:33:31] Espo.ERROR: Job CheckInboundEmails 58c67efaa6b8f6e2f: [0] cannot connect to host ; error = fsockopen(): unable to connect to ssl://outlook.office365.com:993 (Connection timed out) (errno = 0 ) [] []
[2017-11-10 19:45:31] Espo.ERROR: CronManager: Failed job running, job [5a060091e3278398c]. Error Details: Job CheckEmailAccounts 59269d9abc9dae42e: [0] cannot connect to host ; error = fsockopen(): unable to connect to ssl://outlook.office365.com:993 (Connection timed out) (errno = 0 ) [] []
[2017-11-10 20:30:45] Espo.ERROR: Job CheckInboundEmails 58c67efaa6b8f6e2f: [0] cannot connect to host ; error = fsockopen(): unable to connect to ssl://outlook.office365.com:993 (Connection timed out) (errno = 0 ) [] []
[2017-11-10 21:00:39] Espo.ERROR: CronManager: Failed job running, job [5a06122584c071efa]. Error Details: Job CheckEmailAccounts 59f43d49bba1f6ef1: [0] cannot connect to host ; error = fsockopen(): unable to connect to ssl://outlook.office365.com:993 (Connection timed out) (errno = 0 ) [] []
[2017-11-10 21:05:46] Espo.ERROR: Job CheckInboundEmails 58c67efaa6b8f6e2f: [0] cannot connect to host ; error = fsockopen(): unable to connect to ssl://outlook.office365.com:993 (Connection timed out) (errno = 0 ) [] []
[2017-11-10 21:25:39] Espo.ERROR: CronManager: Failed job running, job [5a06180158a8efec3]. Error Details: Job CheckEmailAccounts 59f43d49bba1f6ef1: [0] cannot connect to host ; error = fsockopen(): unable to connect to ssl://outlook.office365.com:993 (Connection timed out) (errno = 0 ) [] []
[2017-11-10 21:33:31] Espo.ERROR: Job CheckInboundEmails 58c67efaa6b8f6e2f: [0] cannot connect to host ; error = fsockopen(): unable to connect to ssl://outlook.office365.com:993 (Connection timed out) (errno = 0 ) [] []
[2017-11-10 23:42:32] Espo.ERROR: Job CheckInboundEmails 58c67efaa6b8f6e2f: [0] cannot connect to host ; error = fsockopen(): unable to connect to ssl://outlook.office365.com:993 (Connection timed out) (errno = 0 ) [] []
